{"/home/liam/fourth_year/2019-ca400-mcaweel2/src/frontend/src/js/Analyse.js": {"path":"/home/liam/fourth_year/2019-ca400-mcaweel2/src/frontend/src/js/Analyse.js","statementMap":{"0":{"start":{"line":14,"column":16},"end":{"line":14,"column":27}},"1":{"start":{"line":19,"column":8},"end":{"line":19,"column":21}},"2":{"start":{"line":20,"column":8},"end":{"line":39,"column":10}},"3":{"start":{"line":40,"column":8},"end":{"line":40,"column":75}},"4":{"start":{"line":41,"column":8},"end":{"line":41,"column":51}},"5":{"start":{"line":45,"column":8},"end":{"line":49,"column":9}},"6":{"start":{"line":46,"column":12},"end":{"line":48,"column":15}},"7":{"start":{"line":53,"column":8},"end":{"line":53,"column":25}},"8":{"start":{"line":57,"column":19},"end":{"line":57,"column":41}},"9":{"start":{"line":58,"column":8},"end":{"line":73,"column":11}},"10":{"start":{"line":67,"column":12},"end":{"line":67,"column":35}},"11":{"start":{"line":70,"column":12},"end":{"line":72,"column":14}},"12":{"start":{"line":77,"column":8},"end":{"line":151,"column":11}},"13":{"start":{"line":86,"column":12},"end":{"line":86,"column":35}},"14":{"start":{"line":89,"column":33},"end":{"line":89,"column":35}},"15":{"start":{"line":90,"column":29},"end":{"line":90,"column":31}},"16":{"start":{"line":91,"column":30},"end":{"line":91,"column":32}},"17":{"start":{"line":92,"column":25},"end":{"line":92,"column":27}},"18":{"start":{"line":93,"column":24},"end":{"line":93,"column":26}},"19":{"start":{"line":94,"column":23},"end":{"line":94,"column":25}},"20":{"start":{"line":95,"column":22},"end":{"line":95,"column":24}},"21":{"start":{"line":96,"column":12},"end":{"line":150,"column":13}},"22":{"start":{"line":97,"column":16},"end":{"line":97,"column":51}},"23":{"start":{"line":100,"column":16},"end":{"line":129,"column":19}},"24":{"start":{"line":101,"column":36},"end":{"line":101,"column":49}},"25":{"start":{"line":102,"column":35},"end":{"line":102,"column":48}},"26":{"start":{"line":103,"column":39},"end":{"line":103,"column":52}},"27":{"start":{"line":104,"column":39},"end":{"line":104,"column":76}},"28":{"start":{"line":105,"column":34},"end":{"line":105,"column":65}},"29":{"start":{"line":106,"column":20},"end":{"line":106,"column":53}},"30":{"start":{"line":107,"column":20},"end":{"line":107,"column":115}},"31":{"start":{"line":108,"column":20},"end":{"line":108,"column":43}},"32":{"start":{"line":109,"column":20},"end":{"line":109,"column":54}},"33":{"start":{"line":110,"column":20},"end":{"line":110,"column":138}},"34":{"start":{"line":110,"column":88},"end":{"line":110,"column":138}},"35":{"start":{"line":111,"column":20},"end":{"line":119,"column":22}},"36":{"start":{"line":120,"column":20},"end":{"line":128,"column":21}},"37":{"start":{"line":130,"column":34},"end":{"line":133,"column":17}},"38":{"start":{"line":134,"column":33},"end":{"line":137,"column":17}},"39":{"start":{"line":138,"column":16},"end":{"line":148,"column":19}},"40":{"start":{"line":149,"column":16},"end":{"line":149,"column":31}},"41":{"start":{"line":154,"column":8},"end":{"line":154,"column":33}},"42":{"start":{"line":158,"column":8},"end":{"line":175,"column":11}},"43":{"start":{"line":168,"column":12},"end":{"line":168,"column":35}},"44":{"start":{"line":171,"column":25},"end":{"line":171,"column":36}},"45":{"start":{"line":172,"column":12},"end":{"line":174,"column":14}},"46":{"start":{"line":179,"column":21},"end":{"line":179,"column":39}},"47":{"start":{"line":180,"column":22},"end":{"line":180,"column":41}},"48":{"start":{"line":181,"column":20},"end":{"line":181,"column":44}},"49":{"start":{"line":182,"column":21},"end":{"line":182,"column":44}},"50":{"start":{"line":183,"column":20},"end":{"line":183,"column":41}},"51":{"start":{"line":184,"column":22},"end":{"line":184,"column":49}},"52":{"start":{"line":185,"column":8},"end":{"line":187,"column":11}},"53":{"start":{"line":186,"column":12},"end":{"line":186,"column":67}},"54":{"start":{"line":186,"column":35},"end":{"line":186,"column":67}},"55":{"start":{"line":188,"column":26},"end":{"line":188,"column":43}},"56":{"start":{"line":189,"column":8},"end":{"line":191,"column":11}},"57":{"start":{"line":190,"column":12},"end":{"line":190,"column":99}},"58":{"start":{"line":190,"column":51},"end":{"line":190,"column":99}},"59":{"start":{"line":192,"column":25},"end":{"line":192,"column":42}},"60":{"start":{"line":193,"column":8},"end":{"line":195,"column":11}},"61":{"start":{"line":194,"column":12},"end":{"line":194,"column":95}},"62":{"start":{"line":194,"column":49},"end":{"line":194,"column":95}},"63":{"start":{"line":196,"column":8},"end":{"line":200,"column":11}},"64":{"start":{"line":201,"column":8},"end":{"line":201,"column":31}},"65":{"start":{"line":206,"column":8},"end":{"line":337,"column":10}},"66":{"start":{"line":232,"column":74},"end":{"line":232,"column":94}},"67":{"start":{"line":238,"column":74},"end":{"line":238,"column":94}},"68":{"start":{"line":244,"column":74},"end":{"line":244,"column":94}},"69":{"start":{"line":249,"column":74},"end":{"line":249,"column":94}},"70":{"start":{"line":254,"column":74},"end":{"line":254,"column":94}}},"fnMap":{"0":{"name":"(anonymous_0)","decl":{"start":{"line":18,"column":4},"end":{"line":18,"column":5}},"loc":{"start":{"line":18,"column":23},"end":{"line":42,"column":5}},"line":18},"1":{"name":"(anonymous_1)","decl":{"start":{"line":44,"column":4},"end":{"line":44,"column":5}},"loc":{"start":{"line":44,"column":19},"end":{"line":50,"column":5}},"line":44},"2":{"name":"(anonymous_2)","decl":{"start":{"line":52,"column":4},"end":{"line":52,"column":5}},"loc":{"start":{"line":52,"column":23},"end":{"line":54,"column":5}},"line":52},"3":{"name":"(anonymous_3)","decl":{"start":{"line":56,"column":4},"end":{"line":56,"column":5}},"loc":{"start":{"line":56,"column":21},"end":{"line":74,"column":5}},"line":56},"4":{"name":"(anonymous_4)","decl":{"start":{"line":65,"column":16},"end":{"line":65,"column":17}},"loc":{"start":{"line":65,"column":35},"end":{"line":69,"column":9}},"line":65},"5":{"name":"(anonymous_5)","decl":{"start":{"line":69,"column":16},"end":{"line":69,"column":17}},"loc":{"start":{"line":69,"column":26},"end":{"line":73,"column":9}},"line":69},"6":{"name":"(anonymous_6)","decl":{"start":{"line":76,"column":4},"end":{"line":76,"column":5}},"loc":{"start":{"line":76,"column":34},"end":{"line":152,"column":5}},"line":76},"7":{"name":"(anonymous_7)","decl":{"start":{"line":84,"column":16},"end":{"line":84,"column":17}},"loc":{"start":{"line":84,"column":35},"end":{"line":88,"column":9}},"line":84},"8":{"name":"(anonymous_8)","decl":{"start":{"line":88,"column":16},"end":{"line":88,"column":17}},"loc":{"start":{"line":88,"column":26},"end":{"line":151,"column":9}},"line":88},"9":{"name":"(anonymous_9)","decl":{"start":{"line":100,"column":38},"end":{"line":100,"column":39}},"loc":{"start":{"line":100,"column":58},"end":{"line":129,"column":17}},"line":100},"10":{"name":"(anonymous_10)","decl":{"start":{"line":153,"column":4},"end":{"line":153,"column":5}},"loc":{"start":{"line":153,"column":32},"end":{"line":155,"column":5}},"line":153},"11":{"name":"(anonymous_11)","decl":{"start":{"line":157,"column":4},"end":{"line":157,"column":5}},"loc":{"start":{"line":157,"column":26},"end":{"line":176,"column":5}},"line":157},"12":{"name":"(anonymous_12)","decl":{"start":{"line":166,"column":16},"end":{"line":166,"column":17}},"loc":{"start":{"line":166,"column":36},"end":{"line":170,"column":9}},"line":166},"13":{"name":"(anonymous_13)","decl":{"start":{"line":170,"column":16},"end":{"line":170,"column":17}},"loc":{"start":{"line":170,"column":24},"end":{"line":175,"column":9}},"line":170},"14":{"name":"(anonymous_14)","decl":{"start":{"line":178,"column":4},"end":{"line":178,"column":5}},"loc":{"start":{"line":178,"column":13},"end":{"line":202,"column":5}},"line":178},"15":{"name":"(anonymous_15)","decl":{"start":{"line":185,"column":18},"end":{"line":185,"column":19}},"loc":{"start":{"line":185,"column":32},"end":{"line":187,"column":9}},"line":185},"16":{"name":"(anonymous_16)","decl":{"start":{"line":189,"column":20},"end":{"line":189,"column":21}},"loc":{"start":{"line":189,"column":34},"end":{"line":191,"column":9}},"line":189},"17":{"name":"(anonymous_17)","decl":{"start":{"line":193,"column":19},"end":{"line":193,"column":20}},"loc":{"start":{"line":193,"column":32},"end":{"line":195,"column":9}},"line":193},"18":{"name":"(anonymous_18)","decl":{"start":{"line":205,"column":4},"end":{"line":205,"column":5}},"loc":{"start":{"line":205,"column":12},"end":{"line":338,"column":5}},"line":205},"19":{"name":"(anonymous_19)","decl":{"start":{"line":232,"column":66},"end":{"line":232,"column":67}},"loc":{"start":{"line":232,"column":72},"end":{"line":232,"column":96}},"line":232},"20":{"name":"(anonymous_20)","decl":{"start":{"line":238,"column":66},"end":{"line":238,"column":67}},"loc":{"start":{"line":238,"column":72},"end":{"line":238,"column":96}},"line":238},"21":{"name":"(anonymous_21)","decl":{"start":{"line":244,"column":66},"end":{"line":244,"column":67}},"loc":{"start":{"line":244,"column":72},"end":{"line":244,"column":96}},"line":244},"22":{"name":"(anonymous_22)","decl":{"start":{"line":249,"column":66},"end":{"line":249,"column":67}},"loc":{"start":{"line":249,"column":72},"end":{"line":249,"column":96}},"line":249},"23":{"name":"(anonymous_23)","decl":{"start":{"line":254,"column":66},"end":{"line":254,"column":67}},"loc":{"start":{"line":254,"column":72},"end":{"line":254,"column":96}},"line":254}},"branchMap":{"0":{"loc":{"start":{"line":45,"column":8},"end":{"line":49,"column":9}},"type":"if","locations":[{"start":{"line":45,"column":8},"end":{"line":49,"column":9}},{"start":{"line":45,"column":8},"end":{"line":49,"column":9}}],"line":45},"1":{"loc":{"start":{"line":96,"column":12},"end":{"line":150,"column":13}},"type":"if","locations":[{"start":{"line":96,"column":12},"end":{"line":150,"column":13}},{"start":{"line":96,"column":12},"end":{"line":150,"column":13}}],"line":96},"2":{"loc":{"start":{"line":110,"column":20},"end":{"line":110,"column":138}},"type":"if","locations":[{"start":{"line":110,"column":20},"end":{"line":110,"column":138}},{"start":{"line":110,"column":20},"end":{"line":110,"column":138}}],"line":110},"3":{"loc":{"start":{"line":186,"column":12},"end":{"line":186,"column":67}},"type":"if","locations":[{"start":{"line":186,"column":12},"end":{"line":186,"column":67}},{"start":{"line":186,"column":12},"end":{"line":186,"column":67}}],"line":186},"4":{"loc":{"start":{"line":190,"column":12},"end":{"line":190,"column":99}},"type":"if","locations":[{"start":{"line":190,"column":12},"end":{"line":190,"column":99}},{"start":{"line":190,"column":12},"end":{"line":190,"column":99}}],"line":190},"5":{"loc":{"start":{"line":194,"column":12},"end":{"line":194,"column":95}},"type":"if","locations":[{"start":{"line":194,"column":12},"end":{"line":194,"column":95}},{"start":{"line":194,"column":12},"end":{"line":194,"column":95}}],"line":194},"6":{"loc":{"start":{"line":220,"column":21},"end":{"line":223,"column":26}},"type":"cond-expr","locations":[{"start":{"line":220,"column":45},"end":{"line":220,"column":49}},{"start":{"line":221,"column":20},"end":{"line":223,"column":26}}],"line":220},"7":{"loc":{"start":{"line":225,"column":21},"end":{"line":333,"column":30}},"type":"cond-expr","locations":[{"start":{"line":225,"column":71},"end":{"line":225,"column":75}},{"start":{"line":226,"column":24},"end":{"line":333,"column":30}}],"line":225}},"s":{"0":2,"1":0,"2":0,"3":0,"4":0,"5":0,"6":0,"7":0,"8":0,"9":0,"10":0,"11":0,"12":0,"13":0,"14":0,"15":0,"16":0,"17":0,"18":0,"19":0,"20":0,"21":0,"22":0,"23":0,"24":0,"25":0,"26":0,"27":0,"28":0,"29":0,"30":0,"31":0,"32":0,"33":0,"34":0,"35":0,"36":0,"37":0,"38":0,"39":0,"40":0,"41":0,"42":0,"43":0,"44":0,"45":0,"46":0,"47":0,"48":0,"49":0,"50":0,"51":0,"52":0,"53":0,"54":0,"55":0,"56":0,"57":0,"58":0,"59":0,"60":0,"61":0,"62":0,"63":0,"64":0,"65":0,"66":0,"67":0,"68":0,"69":0,"70":0},"f":{"0":0,"1":0,"2":0,"3":0,"4":0,"5":0,"6":0,"7":0,"8":0,"9":0,"10":0,"11":0,"12":0,"13":0,"14":0,"15":0,"16":0,"17":0,"18":0,"19":0,"20":0,"21":0,"22":0,"23":0},"b":{"0":[0,0],"1":[0,0],"2":[0,0],"3":[0,0],"4":[0,0],"5":[0,0],"6":[0,0],"7":[0,0]},"_coverageSchema":"43e27e138ebf9cfc5966b082cf9a028302ed4184","hash":"1855343b037c612e01e2c102445f976d34b9b562"}
,"/home/liam/fourth_year/2019-ca400-mcaweel2/src/frontend/src/js/App.js": {"path":"/home/liam/fourth_year/2019-ca400-mcaweel2/src/frontend/src/js/App.js","statementMap":{"0":{"start":{"line":10,"column":16},"end":{"line":10,"column":29}},"1":{"start":{"line":14,"column":8},"end":{"line":14,"column":21}},"2":{"start":{"line":15,"column":8},"end":{"line":17,"column":10}},"3":{"start":{"line":18,"column":8},"end":{"line":18,"column":57}},"4":{"start":{"line":19,"column":8},"end":{"line":19,"column":59}},"5":{"start":{"line":23,"column":8},"end":{"line":25,"column":9}},"6":{"start":{"line":24,"column":12},"end":{"line":24,"column":67}},"7":{"start":{"line":28,"column":8},"end":{"line":30,"column":10}},"8":{"start":{"line":33,"column":8},"end":{"line":33,"column":69}},"9":{"start":{"line":34,"column":8},"end":{"line":34,"column":34}},"10":{"start":{"line":35,"column":8},"end":{"line":37,"column":10}},"11":{"start":{"line":40,"column":8},"end":{"line":56,"column":10}}},"fnMap":{"0":{"name":"(anonymous_0)","decl":{"start":{"line":13,"column":4},"end":{"line":13,"column":5}},"loc":{"start":{"line":13,"column":23},"end":{"line":21,"column":5}},"line":13},"1":{"name":"(anonymous_1)","decl":{"start":{"line":22,"column":4},"end":{"line":22,"column":5}},"loc":{"start":{"line":22,"column":23},"end":{"line":26,"column":5}},"line":22},"2":{"name":"(anonymous_2)","decl":{"start":{"line":27,"column":4},"end":{"line":27,"column":5}},"loc":{"start":{"line":27,"column":25},"end":{"line":31,"column":5}},"line":27},"3":{"name":"(anonymous_3)","decl":{"start":{"line":32,"column":4},"end":{"line":32,"column":5}},"loc":{"start":{"line":32,"column":25},"end":{"line":38,"column":5}},"line":32},"4":{"name":"(anonymous_4)","decl":{"start":{"line":39,"column":4},"end":{"line":39,"column":5}},"loc":{"start":{"line":39,"column":12},"end":{"line":57,"column":5}},"line":39}},"branchMap":{"0":{"loc":{"start":{"line":23,"column":8},"end":{"line":25,"column":9}},"type":"if","locations":[{"start":{"line":23,"column":8},"end":{"line":25,"column":9}},{"start":{"line":23,"column":8},"end":{"line":25,"column":9}}],"line":23}},"s":{"0":1,"1":3,"2":3,"3":3,"4":3,"5":3,"6":3,"7":1,"8":0,"9":0,"10":0,"11":4},"f":{"0":3,"1":3,"2":1,"3":0,"4":4},"b":{"0":[3,0]},"_coverageSchema":"43e27e138ebf9cfc5966b082cf9a028302ed4184","hash":"c2464d2fe605c7d24785a63fb90ac4b25323245f"}
,"/home/liam/fourth_year/2019-ca400-mcaweel2/src/frontend/src/js/BatchAccuracy.js": {"path":"/home/liam/fourth_year/2019-ca400-mcaweel2/src/frontend/src/js/BatchAccuracy.js","statementMap":{"0":{"start":{"line":8,"column":8},"end":{"line":8,"column":21}},"1":{"start":{"line":12,"column":41},"end":{"line":12,"column":51}},"2":{"start":{"line":13,"column":8},"end":{"line":58,"column":10}},"3":{"start":{"line":37,"column":72},"end":{"line":37,"column":92}}},"fnMap":{"0":{"name":"(anonymous_0)","decl":{"start":{"line":7,"column":4},"end":{"line":7,"column":5}},"loc":{"start":{"line":7,"column":23},"end":{"line":9,"column":5}},"line":7},"1":{"name":"(anonymous_1)","decl":{"start":{"line":11,"column":4},"end":{"line":11,"column":5}},"loc":{"start":{"line":11,"column":12},"end":{"line":59,"column":5}},"line":11},"2":{"name":"(anonymous_2)","decl":{"start":{"line":37,"column":46},"end":{"line":37,"column":47}},"loc":{"start":{"line":37,"column":71},"end":{"line":37,"column":93}},"line":37}},"branchMap":{},"s":{"0":1,"1":1,"2":1,"3":0},"f":{"0":1,"1":1,"2":0},"b":{},"_coverageSchema":"43e27e138ebf9cfc5966b082cf9a028302ed4184","hash":"3a3e3c235fadfc2d4f9f8fb6576e46deed19c80d"}
,"/home/liam/fourth_year/2019-ca400-mcaweel2/src/frontend/src/js/BatchLoss.js": {"path":"/home/liam/fourth_year/2019-ca400-mcaweel2/src/frontend/src/js/BatchLoss.js","statementMap":{"0":{"start":{"line":8,"column":8},"end":{"line":8,"column":21}},"1":{"start":{"line":14,"column":41},"end":{"line":14,"column":51}},"2":{"start":{"line":15,"column":8},"end":{"line":56,"column":10}}},"fnMap":{"0":{"name":"(anonymous_0)","decl":{"start":{"line":7,"column":4},"end":{"line":7,"column":5}},"loc":{"start":{"line":7,"column":23},"end":{"line":9,"column":5}},"line":7},"1":{"name":"(anonymous_1)","decl":{"start":{"line":13,"column":4},"end":{"line":13,"column":5}},"loc":{"start":{"line":13,"column":12},"end":{"line":57,"column":5}},"line":13}},"branchMap":{},"s":{"0":1,"1":1,"2":1},"f":{"0":1,"1":1},"b":{},"_coverageSchema":"43e27e138ebf9cfc5966b082cf9a028302ed4184","hash":"5db84afb332b611552c2631b69631605aed64a25"}
,"/home/liam/fourth_year/2019-ca400-mcaweel2/src/frontend/src/js/Canvas.js": {"path":"/home/liam/fourth_year/2019-ca400-mcaweel2/src/frontend/src/js/Canvas.js","statementMap":{"0":{"start":{"line":3,"column":15},"end":{"line":11,"column":1}},"1":{"start":{"line":14,"column":8},"end":{"line":14,"column":21}},"2":{"start":{"line":15,"column":8},"end":{"line":17,"column":9}},"3":{"start":{"line":20,"column":8},"end":{"line":20,"column":20}},"4":{"start":{"line":23,"column":8},"end":{"line":36,"column":9}},"5":{"start":{"line":24,"column":12},"end":{"line":24,"column":33}},"6":{"start":{"line":25,"column":12},"end":{"line":25,"column":54}},"7":{"start":{"line":26,"column":12},"end":{"line":26,"column":39}},"8":{"start":{"line":27,"column":12},"end":{"line":29,"column":13}},"9":{"start":{"line":28,"column":16},"end":{"line":28,"column":58}},"10":{"start":{"line":30,"column":12},"end":{"line":30,"column":78}},"11":{"start":{"line":31,"column":12},"end":{"line":31,"column":74}},"12":{"start":{"line":32,"column":12},"end":{"line":32,"column":30}},"13":{"start":{"line":33,"column":12},"end":{"line":35,"column":14}},"14":{"start":{"line":39,"column":8},"end":{"line":42,"column":10}},"15":{"start":{"line":45,"column":8},"end":{"line":47,"column":10}},"16":{"start":{"line":51,"column":31},"end":{"line":51,"column":47}},"17":{"start":{"line":52,"column":30},"end":{"line":52,"column":47}},"18":{"start":{"line":53,"column":28},"end":{"line":53,"column":43}},"19":{"start":{"line":54,"column":28},"end":{"line":54,"column":59}},"20":{"start":{"line":55,"column":27},"end":{"line":55,"column":57}},"21":{"start":{"line":56,"column":25},"end":{"line":56,"column":53}},"22":{"start":{"line":57,"column":24},"end":{"line":57,"column":99}},"23":{"start":{"line":58,"column":21},"end":{"line":58,"column":33}},"24":{"start":{"line":59,"column":23},"end":{"line":59,"column":27}},"25":{"start":{"line":60,"column":18},"end":{"line":60,"column":19}},"26":{"start":{"line":61,"column":21},"end":{"line":61,"column":22}},"27":{"start":{"line":62,"column":8},"end":{"line":74,"column":9}},"28":{"start":{"line":62,"column":21},"end":{"line":62,"column":22}},"29":{"start":{"line":63,"column":22},"end":{"line":63,"column":29}},"30":{"start":{"line":64,"column":22},"end":{"line":64,"column":33}},"31":{"start":{"line":65,"column":22},"end":{"line":65,"column":33}},"32":{"start":{"line":66,"column":22},"end":{"line":66,"column":39}},"33":{"start":{"line":67,"column":12},"end":{"line":71,"column":13}},"34":{"start":{"line":68,"column":16},"end":{"line":68,"column":27}},"35":{"start":{"line":69,"column":16},"end":{"line":69,"column":22}},"36":{"start":{"line":70,"column":16},"end":{"line":70,"column":33}},"37":{"start":{"line":72,"column":12},"end":{"line":72,"column":56}},"38":{"start":{"line":73,"column":12},"end":{"line":73,"column":21}},"39":{"start":{"line":75,"column":34},"end":{"line":75,"column":67}},"40":{"start":{"line":76,"column":22},"end":{"line":79,"column":17}},"41":{"start":{"line":77,"column":26},"end":{"line":78,"column":92}},"42":{"start":{"line":78,"column":40},"end":{"line":78,"column":86}},"43":{"start":{"line":80,"column":30},"end":{"line":80,"column":58}},"44":{"start":{"line":81,"column":24},"end":{"line":81,"column":94}},"45":{"start":{"line":82,"column":8},"end":{"line":82,"column":47}},"46":{"start":{"line":83,"column":8},"end":{"line":83,"column":31}},"47":{"start":{"line":84,"column":8},"end":{"line":84,"column":34}},"48":{"start":{"line":85,"column":8},"end":{"line":85,"column":38}},"49":{"start":{"line":86,"column":8},"end":{"line":91,"column":10}},"50":{"start":{"line":92,"column":8},"end":{"line":92,"column":28}},"51":{"start":{"line":94,"column":22},"end":{"line":94,"column":46}},"52":{"start":{"line":95,"column":18},"end":{"line":95,"column":69}},"53":{"start":{"line":96,"column":18},"end":{"line":96,"column":69}},"54":{"start":{"line":99,"column":30},"end":{"line":99,"column":53}},"55":{"start":{"line":101,"column":18},"end":{"line":101,"column":52}},"56":{"start":{"line":102,"column":8},"end":{"line":103,"column":28}},"57":{"start":{"line":102,"column":21},"end":{"line":102,"column":36}},"58":{"start":{"line":103,"column":12},"end":{"line":103,"column":28}},"59":{"start":{"line":104,"column":8},"end":{"line":104,"column":45}},"60":{"start":{"line":106,"column":8},"end":{"line":106,"column":48}},"61":{"start":{"line":108,"column":8},"end":{"line":108,"column":72}},"62":{"start":{"line":109,"column":8},"end":{"line":109,"column":29}},"63":{"start":{"line":110,"column":8},"end":{"line":110,"column":32}},"64":{"start":{"line":111,"column":8},"end":{"line":111,"column":38}},"65":{"start":{"line":112,"column":8},"end":{"line":112,"column":36}},"66":{"start":{"line":113,"column":8},"end":{"line":113,"column":26}},"67":{"start":{"line":115,"column":8},"end":{"line":118,"column":10}},"68":{"start":{"line":119,"column":8},"end":{"line":122,"column":10}},"69":{"start":{"line":123,"column":8},"end":{"line":126,"column":10}},"70":{"start":{"line":127,"column":8},"end":{"line":127,"column":53}},"71":{"start":{"line":128,"column":8},"end":{"line":128,"column":53}},"72":{"start":{"line":129,"column":28},"end":{"line":129,"column":84}},"73":{"start":{"line":130,"column":8},"end":{"line":130,"column":34}},"74":{"start":{"line":131,"column":30},"end":{"line":131,"column":32}},"75":{"start":{"line":132,"column":26},"end":{"line":132,"column":43}},"76":{"start":{"line":133,"column":8},"end":{"line":133,"column":31}},"77":{"start":{"line":134,"column":8},"end":{"line":139,"column":9}},"78":{"start":{"line":134,"column":21},"end":{"line":134,"column":22}},"79":{"start":{"line":135,"column":22},"end":{"line":135,"column":27}},"80":{"start":{"line":136,"column":24},"end":{"line":136,"column":84}},"81":{"start":{"line":137,"column":31},"end":{"line":137,"column":42}},"82":{"start":{"line":138,"column":12},"end":{"line":138,"column":43}},"83":{"start":{"line":140,"column":8},"end":{"line":140,"column":51}},"84":{"start":{"line":144,"column":26},"end":{"line":144,"column":30}},"85":{"start":{"line":145,"column":21},"end":{"line":145,"column":31}},"86":{"start":{"line":146,"column":23},"end":{"line":146,"column":36}},"87":{"start":{"line":147,"column":19},"end":{"line":147,"column":26}},"88":{"start":{"line":148,"column":19},"end":{"line":148,"column":23}},"89":{"start":{"line":149,"column":19},"end":{"line":149,"column":21}},"90":{"start":{"line":150,"column":19},"end":{"line":150,"column":21}},"91":{"start":{"line":151,"column":8},"end":{"line":160,"column":9}},"92":{"start":{"line":151,"column":21},"end":{"line":151,"column":22}},"93":{"start":{"line":152,"column":12},"end":{"line":159,"column":13}},"94":{"start":{"line":152,"column":25},"end":{"line":152,"column":26}},"95":{"start":{"line":153,"column":16},"end":{"line":158,"column":17}},"96":{"start":{"line":154,"column":20},"end":{"line":154,"column":43}},"97":{"start":{"line":154,"column":34},"end":{"line":154,"column":43}},"98":{"start":{"line":155,"column":20},"end":{"line":155,"column":43}},"99":{"start":{"line":155,"column":34},"end":{"line":155,"column":43}},"100":{"start":{"line":156,"column":20},"end":{"line":156,"column":43}},"101":{"start":{"line":156,"column":34},"end":{"line":156,"column":43}},"102":{"start":{"line":157,"column":20},"end":{"line":157,"column":43}},"103":{"start":{"line":157,"column":34},"end":{"line":157,"column":43}},"104":{"start":{"line":161,"column":8},"end":{"line":161,"column":42}},"105":{"start":{"line":169,"column":24},"end":{"line":169,"column":25}},"106":{"start":{"line":170,"column":24},"end":{"line":170,"column":25}},"107":{"start":{"line":171,"column":24},"end":{"line":171,"column":34}},"108":{"start":{"line":172,"column":24},"end":{"line":172,"column":37}},"109":{"start":{"line":173,"column":24},"end":{"line":173,"column":25}},"110":{"start":{"line":174,"column":24},"end":{"line":174,"column":25}},"111":{"start":{"line":175,"column":24},"end":{"line":175,"column":25}},"112":{"start":{"line":176,"column":24},"end":{"line":176,"column":25}},"113":{"start":{"line":177,"column":8},"end":{"line":185,"column":9}},"114":{"start":{"line":178,"column":12},"end":{"line":184,"column":13}},"115":{"start":{"line":180,"column":16},"end":{"line":180,"column":34}},"116":{"start":{"line":181,"column":16},"end":{"line":181,"column":35}},"117":{"start":{"line":182,"column":16},"end":{"line":182,"column":35}},"118":{"start":{"line":183,"column":16},"end":{"line":183,"column":35}},"119":{"start":{"line":186,"column":8},"end":{"line":186,"column":27}},"120":{"start":{"line":187,"column":8},"end":{"line":187,"column":27}},"121":{"start":{"line":188,"column":19},"end":{"line":188,"column":45}},"122":{"start":{"line":189,"column":19},"end":{"line":189,"column":48}},"123":{"start":{"line":190,"column":8},"end":{"line":190,"column":40}},"124":{"start":{"line":201,"column":8},"end":{"line":207,"column":11}},"125":{"start":{"line":208,"column":8},"end":{"line":208,"column":53}},"126":{"start":{"line":209,"column":8},"end":{"line":209,"column":37}},"127":{"start":{"line":210,"column":8},"end":{"line":210,"column":42}},"128":{"start":{"line":211,"column":8},"end":{"line":211,"column":32}},"129":{"start":{"line":213,"column":8},"end":{"line":213,"column":55}},"130":{"start":{"line":214,"column":8},"end":{"line":214,"column":43}},"131":{"start":{"line":216,"column":8},"end":{"line":216,"column":53}},"132":{"start":{"line":217,"column":8},"end":{"line":217,"column":41}},"133":{"start":{"line":221,"column":8},"end":{"line":245,"column":9}},"134":{"start":{"line":226,"column":50},"end":{"line":226,"column":65}},"135":{"start":{"line":227,"column":50},"end":{"line":227,"column":65}},"136":{"start":{"line":228,"column":48},"end":{"line":228,"column":61}},"137":{"start":{"line":240,"column":45},"end":{"line":240,"column":57}},"138":{"start":{"line":241,"column":47},"end":{"line":241,"column":63}}},"fnMap":{"0":{"name":"(anonymous_0)","decl":{"start":{"line":13,"column":4},"end":{"line":13,"column":5}},"loc":{"start":{"line":13,"column":23},"end":{"line":18,"column":5}},"line":13},"1":{"name":"(anonymous_1)","decl":{"start":{"line":19,"column":4},"end":{"line":19,"column":5}},"loc":{"start":{"line":19,"column":24},"end":{"line":21,"column":5}},"line":19},"2":{"name":"(anonymous_2)","decl":{"start":{"line":22,"column":4},"end":{"line":22,"column":5}},"loc":{"start":{"line":22,"column":15},"end":{"line":37,"column":5}},"line":22},"3":{"name":"(anonymous_3)","decl":{"start":{"line":38,"column":4},"end":{"line":38,"column":5}},"loc":{"start":{"line":38,"column":15},"end":{"line":43,"column":5}},"line":38},"4":{"name":"(anonymous_4)","decl":{"start":{"line":44,"column":4},"end":{"line":44,"column":5}},"loc":{"start":{"line":44,"column":12},"end":{"line":48,"column":5}},"line":44},"5":{"name":"(anonymous_5)","decl":{"start":{"line":50,"column":4},"end":{"line":50,"column":5}},"loc":{"start":{"line":50,"column":16},"end":{"line":141,"column":5}},"line":50},"6":{"name":"(anonymous_6)","decl":{"start":{"line":77,"column":12},"end":{"line":77,"column":13}},"loc":{"start":{"line":77,"column":26},"end":{"line":78,"column":92}},"line":77},"7":{"name":"(anonymous_7)","decl":{"start":{"line":78,"column":16},"end":{"line":78,"column":17}},"loc":{"start":{"line":78,"column":40},"end":{"line":78,"column":86}},"line":78},"8":{"name":"(anonymous_8)","decl":{"start":{"line":143,"column":4},"end":{"line":143,"column":5}},"loc":{"start":{"line":143,"column":30},"end":{"line":162,"column":5}},"line":143},"9":{"name":"(anonymous_9)","decl":{"start":{"line":167,"column":4},"end":{"line":167,"column":5}},"loc":{"start":{"line":167,"column":21},"end":{"line":192,"column":5}},"line":167},"10":{"name":"(anonymous_10)","decl":{"start":{"line":200,"column":4},"end":{"line":200,"column":5}},"loc":{"start":{"line":200,"column":12},"end":{"line":219,"column":5}},"line":200},"11":{"name":"(anonymous_11)","decl":{"start":{"line":220,"column":4},"end":{"line":220,"column":5}},"loc":{"start":{"line":220,"column":13},"end":{"line":246,"column":5}},"line":220},"12":{"name":"(anonymous_12)","decl":{"start":{"line":226,"column":45},"end":{"line":226,"column":46}},"loc":{"start":{"line":226,"column":50},"end":{"line":226,"column":65}},"line":226},"13":{"name":"(anonymous_13)","decl":{"start":{"line":227,"column":45},"end":{"line":227,"column":46}},"loc":{"start":{"line":227,"column":50},"end":{"line":227,"column":65}},"line":227},"14":{"name":"(anonymous_14)","decl":{"start":{"line":228,"column":43},"end":{"line":228,"column":44}},"loc":{"start":{"line":228,"column":48},"end":{"line":228,"column":61}},"line":228},"15":{"name":"(anonymous_15)","decl":{"start":{"line":240,"column":41},"end":{"line":240,"column":42}},"loc":{"start":{"line":240,"column":45},"end":{"line":240,"column":57}},"line":240},"16":{"name":"(anonymous_16)","decl":{"start":{"line":241,"column":41},"end":{"line":241,"column":42}},"loc":{"start":{"line":241,"column":47},"end":{"line":241,"column":63}},"line":241}},"branchMap":{"0":{"loc":{"start":{"line":23,"column":8},"end":{"line":36,"column":9}},"type":"if","locations":[{"start":{"line":23,"column":8},"end":{"line":36,"column":9}},{"start":{"line":23,"column":8},"end":{"line":36,"column":9}}],"line":23},"1":{"loc":{"start":{"line":27,"column":12},"end":{"line":29,"column":13}},"type":"if","locations":[{"start":{"line":27,"column":12},"end":{"line":29,"column":13}},{"start":{"line":27,"column":12},"end":{"line":29,"column":13}}],"line":27},"2":{"loc":{"start":{"line":67,"column":12},"end":{"line":71,"column":13}},"type":"if","locations":[{"start":{"line":67,"column":12},"end":{"line":71,"column":13}},{"start":{"line":67,"column":12},"end":{"line":71,"column":13}}],"line":67},"3":{"loc":{"start":{"line":153,"column":16},"end":{"line":158,"column":17}},"type":"if","locations":[{"start":{"line":153,"column":16},"end":{"line":158,"column":17}},{"start":{"line":153,"column":16},"end":{"line":158,"column":17}}],"line":153},"4":{"loc":{"start":{"line":154,"column":20},"end":{"line":154,"column":43}},"type":"if","locations":[{"start":{"line":154,"column":20},"end":{"line":154,"column":43}},{"start":{"line":154,"column":20},"end":{"line":154,"column":43}}],"line":154},"5":{"loc":{"start":{"line":155,"column":20},"end":{"line":155,"column":43}},"type":"if","locations":[{"start":{"line":155,"column":20},"end":{"line":155,"column":43}},{"start":{"line":155,"column":20},"end":{"line":155,"column":43}}],"line":155},"6":{"loc":{"start":{"line":156,"column":20},"end":{"line":156,"column":43}},"type":"if","locations":[{"start":{"line":156,"column":20},"end":{"line":156,"column":43}},{"start":{"line":156,"column":20},"end":{"line":156,"column":43}}],"line":156},"7":{"loc":{"start":{"line":157,"column":20},"end":{"line":157,"column":43}},"type":"if","locations":[{"start":{"line":157,"column":20},"end":{"line":157,"column":43}},{"start":{"line":157,"column":20},"end":{"line":157,"column":43}}],"line":157}},"s":{"0":2,"1":0,"2":0,"3":0,"4":0,"5":0,"6":0,"7":0,"8":0,"9":0,"10":0,"11":0,"12":0,"13":0,"14":0,"15":0,"16":0,"17":0,"18":0,"19":0,"20":0,"21":0,"22":0,"23":0,"24":0,"25":0,"26":0,"27":0,"28":0,"29":0,"30":0,"31":0,"32":0,"33":0,"34":0,"35":0,"36":0,"37":0,"38":0,"39":0,"40":0,"41":0,"42":0,"43":0,"44":0,"45":0,"46":0,"47":0,"48":0,"49":0,"50":0,"51":0,"52":0,"53":0,"54":0,"55":0,"56":0,"57":0,"58":0,"59":0,"60":0,"61":0,"62":0,"63":0,"64":0,"65":0,"66":0,"67":0,"68":0,"69":0,"70":0,"71":0,"72":0,"73":0,"74":0,"75":0,"76":0,"77":0,"78":0,"79":0,"80":0,"81":0,"82":0,"83":0,"84":0,"85":0,"86":0,"87":0,"88":0,"89":0,"90":0,"91":0,"92":0,"93":0,"94":0,"95":0,"96":0,"97":0,"98":0,"99":0,"100":0,"101":0,"102":0,"103":0,"104":0,"105":0,"106":0,"107":0,"108":0,"109":0,"110":0,"111":0,"112":0,"113":0,"114":0,"115":0,"116":0,"117":0,"118":0,"119":0,"120":0,"121":0,"122":0,"123":0,"124":0,"125":0,"126":0,"127":0,"128":0,"129":0,"130":0,"131":0,"132":0,"133":0,"134":0,"135":0,"136":0,"137":0,"138":0},"f":{"0":0,"1":0,"2":0,"3":0,"4":0,"5":0,"6":0,"7":0,"8":0,"9":0,"10":0,"11":0,"12":0,"13":0,"14":0,"15":0,"16":0},"b":{"0":[0,0],"1":[0,0],"2":[0,0],"3":[0,0],"4":[0,0],"5":[0,0],"6":[0,0],"7":[0,0]},"_coverageSchema":"43e27e138ebf9cfc5966b082cf9a028302ed4184","hash":"9e143ec932b6f4609f1d67fa59a6b3fb994820e0"}
,"/home/liam/fourth_year/2019-ca400-mcaweel2/src/frontend/src/js/Chartconfig.js": {"path":"/home/liam/fourth_year/2019-ca400-mcaweel2/src/frontend/src/js/Chartconfig.js","statementMap":{"0":{"start":{"line":1,"column":17},"end":{"line":9,"column":1}},"1":{"start":{"line":12,"column":4},"end":{"line":12,"column":63}},"2":{"start":{"line":16,"column":18},"end":{"line":16,"column":31}},"3":{"start":{"line":17,"column":21},"end":{"line":17,"column":34}},"4":{"start":{"line":19,"column":4},"end":{"line":44,"column":5}},"5":{"start":{"line":47,"column":18},"end":{"line":47,"column":31}},"6":{"start":{"line":48,"column":21},"end":{"line":48,"column":34}},"7":{"start":{"line":49,"column":4},"end":{"line":74,"column":5}},"8":{"start":{"line":78,"column":18},"end":{"line":78,"column":31}},"9":{"start":{"line":80,"column":4},"end":{"line":94,"column":5}},"10":{"start":{"line":98,"column":18},"end":{"line":98,"column":31}},"11":{"start":{"line":100,"column":4},"end":{"line":114,"column":5}},"12":{"start":{"line":119,"column":4},"end":{"line":144,"column":5}}},"fnMap":{"0":{"name":"selectColor","decl":{"start":{"line":11,"column":16},"end":{"line":11,"column":27}},"loc":{"start":{"line":11,"column":30},"end":{"line":13,"column":1}},"line":11},"1":{"name":"epochAccuracyData","decl":{"start":{"line":15,"column":16},"end":{"line":15,"column":33}},"loc":{"start":{"line":15,"column":36},"end":{"line":45,"column":1}},"line":15},"2":{"name":"epochLossData","decl":{"start":{"line":46,"column":16},"end":{"line":46,"column":29}},"loc":{"start":{"line":46,"column":32},"end":{"line":75,"column":1}},"line":46},"3":{"name":"batchAcc","decl":{"start":{"line":77,"column":16},"end":{"line":77,"column":24}},"loc":{"start":{"line":77,"column":27},"end":{"line":95,"column":1}},"line":77},"4":{"name":"batchLoss","decl":{"start":{"line":97,"column":16},"end":{"line":97,"column":25}},"loc":{"start":{"line":97,"column":28},"end":{"line":115,"column":1}},"line":97},"5":{"name":"stateColor","decl":{"start":{"line":118,"column":16},"end":{"line":118,"column":26}},"loc":{"start":{"line":118,"column":29},"end":{"line":145,"column":1}},"line":118}},"branchMap":{},"s":{"0":2,"1":0,"2":0,"3":0,"4":0,"5":0,"6":0,"7":0,"8":0,"9":0,"10":0,"11":0,"12":0},"f":{"0":0,"1":0,"2":0,"3":0,"4":0,"5":0},"b":{},"_coverageSchema":"43e27e138ebf9cfc5966b082cf9a028302ed4184","hash":"6da875b017b776bbe8c2fad4aef6466202d10744"}
,"/home/liam/fourth_year/2019-ca400-mcaweel2/src/frontend/src/js/Classify.js": {"path":"/home/liam/fourth_year/2019-ca400-mcaweel2/src/frontend/src/js/Classify.js","statementMap":{"0":{"start":{"line":16,"column":16},"end":{"line":16,"column":27}},"1":{"start":{"line":25,"column":8},"end":{"line":25,"column":21}},"2":{"start":{"line":26,"column":8},"end":{"line":41,"column":10}},"3":{"start":{"line":42,"column":8},"end":{"line":42,"column":75}},"4":{"start":{"line":43,"column":8},"end":{"line":43,"column":55}},"5":{"start":{"line":44,"column":8},"end":{"line":44,"column":61}},"6":{"start":{"line":45,"column":8},"end":{"line":45,"column":47}},"7":{"start":{"line":46,"column":8},"end":{"line":46,"column":47}},"8":{"start":{"line":47,"column":8},"end":{"line":47,"column":47}},"9":{"start":{"line":51,"column":8},"end":{"line":51,"column":25}},"10":{"start":{"line":52,"column":8},"end":{"line":52,"column":129}},"11":{"start":{"line":56,"column":19},"end":{"line":56,"column":41}},"12":{"start":{"line":57,"column":8},"end":{"line":72,"column":11}},"13":{"start":{"line":66,"column":12},"end":{"line":66,"column":35}},"14":{"start":{"line":69,"column":12},"end":{"line":71,"column":14}},"15":{"start":{"line":75,"column":25},"end":{"line":75,"column":66}},"16":{"start":{"line":76,"column":8},"end":{"line":79,"column":11}},"17":{"start":{"line":80,"column":8},"end":{"line":80,"column":140}},"18":{"start":{"line":85,"column":27},"end":{"line":85,"column":67}},"19":{"start":{"line":86,"column":23},"end":{"line":86,"column":53}},"20":{"start":{"line":87,"column":21},"end":{"line":87,"column":22}},"21":{"start":{"line":88,"column":28},"end":{"line":88,"column":70}},"22":{"start":{"line":93,"column":8},"end":{"line":98,"column":11}},"23":{"start":{"line":99,"column":8},"end":{"line":99,"column":38}},"24":{"start":{"line":103,"column":8},"end":{"line":120,"column":11}},"25":{"start":{"line":113,"column":12},"end":{"line":113,"column":35}},"26":{"start":{"line":116,"column":25},"end":{"line":116,"column":36}},"27":{"start":{"line":117,"column":12},"end":{"line":119,"column":14}},"28":{"start":{"line":124,"column":8},"end":{"line":164,"column":11}},"29":{"start":{"line":133,"column":12},"end":{"line":133,"column":35}},"30":{"start":{"line":136,"column":26},"end":{"line":136,"column":28}},"31":{"start":{"line":137,"column":12},"end":{"line":163,"column":13}},"32":{"start":{"line":138,"column":16},"end":{"line":143,"column":18}},"33":{"start":{"line":146,"column":16},"end":{"line":158,"column":19}},"34":{"start":{"line":147,"column":20},"end":{"line":156,"column":23}},"35":{"start":{"line":159,"column":16},"end":{"line":162,"column":19}},"36":{"start":{"line":165,"column":8},"end":{"line":165,"column":36}},"37":{"start":{"line":169,"column":8},"end":{"line":171,"column":11}},"38":{"start":{"line":172,"column":8},"end":{"line":172,"column":22}},"39":{"start":{"line":176,"column":8},"end":{"line":178,"column":11}},"40":{"start":{"line":179,"column":8},"end":{"line":179,"column":22}},"41":{"start":{"line":184,"column":8},"end":{"line":186,"column":11}},"42":{"start":{"line":187,"column":8},"end":{"line":187,"column":22}},"43":{"start":{"line":190,"column":35},"end":{"line":190,"column":45}},"44":{"start":{"line":191,"column":8},"end":{"line":202,"column":11}},"45":{"start":{"line":192,"column":26},"end":{"line":194,"column":14}},"46":{"start":{"line":195,"column":26},"end":{"line":195,"column":51}},"47":{"start":{"line":196,"column":25},"end":{"line":196,"column":42}},"48":{"start":{"line":197,"column":24},"end":{"line":197,"column":44}},"49":{"start":{"line":198,"column":24},"end":{"line":198,"column":50}},"50":{"start":{"line":199,"column":12},"end":{"line":201,"column":14}},"51":{"start":{"line":206,"column":35},"end":{"line":206,"column":45}},"52":{"start":{"line":209,"column":8},"end":{"line":265,"column":10}}},"fnMap":{"0":{"name":"(anonymous_0)","decl":{"start":{"line":24,"column":4},"end":{"line":24,"column":5}},"loc":{"start":{"line":24,"column":23},"end":{"line":48,"column":5}},"line":24},"1":{"name":"(anonymous_1)","decl":{"start":{"line":50,"column":4},"end":{"line":50,"column":5}},"loc":{"start":{"line":50,"column":29},"end":{"line":53,"column":5}},"line":50},"2":{"name":"(anonymous_2)","decl":{"start":{"line":55,"column":4},"end":{"line":55,"column":5}},"loc":{"start":{"line":55,"column":21},"end":{"line":73,"column":5}},"line":55},"3":{"name":"(anonymous_3)","decl":{"start":{"line":64,"column":16},"end":{"line":64,"column":17}},"loc":{"start":{"line":64,"column":35},"end":{"line":68,"column":9}},"line":64},"4":{"name":"(anonymous_4)","decl":{"start":{"line":68,"column":16},"end":{"line":68,"column":17}},"loc":{"start":{"line":68,"column":26},"end":{"line":72,"column":9}},"line":68},"5":{"name":"(anonymous_5)","decl":{"start":{"line":74,"column":4},"end":{"line":74,"column":5}},"loc":{"start":{"line":74,"column":28},"end":{"line":81,"column":5}},"line":74},"6":{"name":"(anonymous_6)","decl":{"start":{"line":84,"column":4},"end":{"line":84,"column":5}},"loc":{"start":{"line":84,"column":33},"end":{"line":89,"column":5}},"line":84},"7":{"name":"(anonymous_7)","decl":{"start":{"line":92,"column":4},"end":{"line":92,"column":5}},"loc":{"start":{"line":92,"column":37},"end":{"line":100,"column":5}},"line":92},"8":{"name":"(anonymous_8)","decl":{"start":{"line":102,"column":4},"end":{"line":102,"column":5}},"loc":{"start":{"line":102,"column":26},"end":{"line":121,"column":5}},"line":102},"9":{"name":"(anonymous_9)","decl":{"start":{"line":111,"column":16},"end":{"line":111,"column":17}},"loc":{"start":{"line":111,"column":36},"end":{"line":115,"column":9}},"line":111},"10":{"name":"(anonymous_10)","decl":{"start":{"line":115,"column":16},"end":{"line":115,"column":17}},"loc":{"start":{"line":115,"column":24},"end":{"line":120,"column":9}},"line":115},"11":{"name":"(anonymous_11)","decl":{"start":{"line":123,"column":4},"end":{"line":123,"column":5}},"loc":{"start":{"line":123,"column":34},"end":{"line":166,"column":5}},"line":123},"12":{"name":"(anonymous_12)","decl":{"start":{"line":131,"column":16},"end":{"line":131,"column":17}},"loc":{"start":{"line":131,"column":35},"end":{"line":135,"column":9}},"line":131},"13":{"name":"(anonymous_13)","decl":{"start":{"line":135,"column":16},"end":{"line":135,"column":17}},"loc":{"start":{"line":135,"column":26},"end":{"line":164,"column":9}},"line":135},"14":{"name":"(anonymous_14)","decl":{"start":{"line":146,"column":38},"end":{"line":146,"column":39}},"loc":{"start":{"line":146,"column":58},"end":{"line":158,"column":17}},"line":146},"15":{"name":"(anonymous_15)","decl":{"start":{"line":168,"column":4},"end":{"line":168,"column":5}},"loc":{"start":{"line":168,"column":17},"end":{"line":173,"column":5}},"line":168},"16":{"name":"(anonymous_16)","decl":{"start":{"line":175,"column":4},"end":{"line":175,"column":5}},"loc":{"start":{"line":175,"column":17},"end":{"line":181,"column":5}},"line":175},"17":{"name":"(anonymous_17)","decl":{"start":{"line":183,"column":4},"end":{"line":183,"column":5}},"loc":{"start":{"line":183,"column":17},"end":{"line":188,"column":5}},"line":183},"18":{"name":"(anonymous_18)","decl":{"start":{"line":189,"column":4},"end":{"line":189,"column":5}},"loc":{"start":{"line":189,"column":13},"end":{"line":203,"column":5}},"line":189},"19":{"name":"(anonymous_19)","decl":{"start":{"line":191,"column":16},"end":{"line":191,"column":17}},"loc":{"start":{"line":191,"column":22},"end":{"line":202,"column":9}},"line":191},"20":{"name":"(anonymous_20)","decl":{"start":{"line":205,"column":4},"end":{"line":205,"column":5}},"loc":{"start":{"line":205,"column":12},"end":{"line":266,"column":5}},"line":205}},"branchMap":{"0":{"loc":{"start":{"line":137,"column":12},"end":{"line":163,"column":13}},"type":"if","locations":[{"start":{"line":137,"column":12},"end":{"line":163,"column":13}},{"start":{"line":137,"column":12},"end":{"line":163,"column":13}}],"line":137},"1":{"loc":{"start":{"line":216,"column":40},"end":{"line":216,"column":121}},"type":"cond-expr","locations":[{"start":{"line":216,"column":70},"end":{"line":216,"column":116}},{"start":{"line":216,"column":117},"end":{"line":216,"column":121}}],"line":216},"2":{"loc":{"start":{"line":239,"column":25},"end":{"line":259,"column":29}},"type":"cond-expr","locations":[{"start":{"line":240,"column":28},"end":{"line":258,"column":34}},{"start":{"line":259,"column":25},"end":{"line":259,"column":29}}],"line":239},"3":{"loc":{"start":{"line":241,"column":33},"end":{"line":256,"column":42}},"type":"cond-expr","locations":[{"start":{"line":242,"column":36},"end":{"line":246,"column":42}},{"start":{"line":248,"column":36},"end":{"line":256,"column":42}}],"line":241},"4":{"loc":{"start":{"line":250,"column":41},"end":{"line":255,"column":46}},"type":"cond-expr","locations":[{"start":{"line":251,"column":44},"end":{"line":254,"column":46}},{"start":{"line":255,"column":42},"end":{"line":255,"column":46}}],"line":250}},"s":{"0":2,"1":0,"2":0,"3":0,"4":0,"5":0,"6":0,"7":0,"8":0,"9":0,"10":0,"11":0,"12":0,"13":0,"14":0,"15":0,"16":0,"17":0,"18":0,"19":0,"20":0,"21":0,"22":0,"23":0,"24":0,"25":0,"26":0,"27":0,"28":0,"29":0,"30":0,"31":0,"32":0,"33":0,"34":0,"35":0,"36":0,"37":0,"38":0,"39":0,"40":0,"41":0,"42":0,"43":0,"44":0,"45":0,"46":0,"47":0,"48":0,"49":0,"50":0,"51":0,"52":0},"f":{"0":0,"1":0,"2":0,"3":0,"4":0,"5":0,"6":0,"7":0,"8":0,"9":0,"10":0,"11":0,"12":0,"13":0,"14":0,"15":0,"16":0,"17":0,"18":0,"19":0,"20":0},"b":{"0":[0,0],"1":[0,0],"2":[0,0],"3":[0,0],"4":[0,0]},"_coverageSchema":"43e27e138ebf9cfc5966b082cf9a028302ed4184","hash":"1eab7bec68e4db02eead02f39e15ec1fd07119f1"}
,"/home/liam/fourth_year/2019-ca400-mcaweel2/src/frontend/src/js/Demo.js": {"path":"/home/liam/fourth_year/2019-ca400-mcaweel2/src/frontend/src/js/Demo.js","statementMap":{"0":{"start":{"line":5,"column":8},"end":{"line":5,"column":21}},"1":{"start":{"line":8,"column":8},"end":{"line":12,"column":10}}},"fnMap":{"0":{"name":"(anonymous_0)","decl":{"start":{"line":4,"column":4},"end":{"line":4,"column":5}},"loc":{"start":{"line":4,"column":23},"end":{"line":6,"column":5}},"line":4},"1":{"name":"(anonymous_1)","decl":{"start":{"line":7,"column":4},"end":{"line":7,"column":5}},"loc":{"start":{"line":7,"column":12},"end":{"line":13,"column":5}},"line":7}},"branchMap":{},"s":{"0":0,"1":0},"f":{"0":0,"1":0},"b":{},"_coverageSchema":"43e27e138ebf9cfc5966b082cf9a028302ed4184","hash":"d510f9db0c9470516d4c2d8eb3e1a8148d496168"}
,"/home/liam/fourth_year/2019-ca400-mcaweel2/src/frontend/src/js/Design.js": {"path":"/home/liam/fourth_year/2019-ca400-mcaweel2/src/frontend/src/js/Design.js","statementMap":{"0":{"start":{"line":12,"column":16},"end":{"line":12,"column":29}},"1":{"start":{"line":16,"column":8},"end":{"line":16,"column":21}},"2":{"start":{"line":17,"column":8},"end":{"line":71,"column":10}},"3":{"start":{"line":72,"column":8},"end":{"line":72,"column":51}},"4":{"start":{"line":73,"column":8},"end":{"line":73,"column":55}},"5":{"start":{"line":74,"column":8},"end":{"line":74,"column":45}},"6":{"start":{"line":75,"column":8},"end":{"line":75,"column":57}},"7":{"start":{"line":76,"column":8},"end":{"line":76,"column":65}},"8":{"start":{"line":77,"column":8},"end":{"line":77,"column":65}},"9":{"start":{"line":78,"column":8},"end":{"line":78,"column":71}},"10":{"start":{"line":79,"column":8},"end":{"line":79,"column":55}},"11":{"start":{"line":80,"column":8},"end":{"line":80,"column":59}},"12":{"start":{"line":85,"column":28},"end":{"line":85,"column":84}},"13":{"start":{"line":86,"column":8},"end":{"line":88,"column":10}},"14":{"start":{"line":92,"column":19},"end":{"line":92,"column":21}},"15":{"start":{"line":93,"column":21},"end":{"line":93,"column":22}},"16":{"start":{"line":94,"column":19},"end":{"line":94,"column":21}},"17":{"start":{"line":95,"column":22},"end":{"line":95,"column":24}},"18":{"start":{"line":96,"column":24},"end":{"line":96,"column":25}},"19":{"start":{"line":97,"column":8},"end":{"line":177,"column":9}},"20":{"start":{"line":98,"column":12},"end":{"line":98,"column":43}},"21":{"start":{"line":99,"column":12},"end":{"line":99,"column":24}},"22":{"start":{"line":100,"column":12},"end":{"line":100,"column":26}},"23":{"start":{"line":101,"column":12},"end":{"line":133,"column":14}},"24":{"start":{"line":134,"column":12},"end":{"line":145,"column":14}},"25":{"start":{"line":148,"column":12},"end":{"line":148,"column":24}},"26":{"start":{"line":149,"column":12},"end":{"line":149,"column":23}},"27":{"start":{"line":151,"column":12},"end":{"line":151,"column":26}},"28":{"start":{"line":152,"column":12},"end":{"line":164,"column":14}},"29":{"start":{"line":165,"column":12},"end":{"line":176,"column":14}},"30":{"start":{"line":178,"column":8},"end":{"line":186,"column":11}},"31":{"start":{"line":195,"column":23},"end":{"line":195,"column":64}},"32":{"start":{"line":196,"column":8},"end":{"line":196,"column":31}},"33":{"start":{"line":198,"column":29},"end":{"line":201,"column":9}},"34":{"start":{"line":202,"column":24},"end":{"line":209,"column":9}},"35":{"start":{"line":210,"column":8},"end":{"line":210,"column":32}},"36":{"start":{"line":214,"column":8},"end":{"line":216,"column":11}},"37":{"start":{"line":217,"column":62},"end":{"line":217,"column":68}},"38":{"start":{"line":218,"column":8},"end":{"line":218,"column":33}},"39":{"start":{"line":218,"column":26},"end":{"line":218,"column":33}},"40":{"start":{"line":220,"column":8},"end":{"line":225,"column":9}},"41":{"start":{"line":224,"column":12},"end":{"line":224,"column":19}},"42":{"start":{"line":227,"column":22},"end":{"line":227,"column":60}},"43":{"start":{"line":228,"column":23},"end":{"line":228,"column":66}},"44":{"start":{"line":229,"column":8},"end":{"line":278,"column":9}},"45":{"start":{"line":230,"column":31},"end":{"line":230,"column":56}},"46":{"start":{"line":231,"column":12},"end":{"line":231,"column":47}},"47":{"start":{"line":232,"column":12},"end":{"line":232,"column":64}},"48":{"start":{"line":233,"column":31},"end":{"line":236,"column":13}},"49":{"start":{"line":238,"column":29},"end":{"line":244,"column":13}},"50":{"start":{"line":245,"column":12},"end":{"line":245,"column":36}},"51":{"start":{"line":248,"column":25},"end":{"line":248,"column":54}},"52":{"start":{"line":249,"column":26},"end":{"line":249,"column":46}},"53":{"start":{"line":250,"column":31},"end":{"line":250,"column":41}},"54":{"start":{"line":251,"column":28},"end":{"line":251,"column":50}},"55":{"start":{"line":252,"column":33},"end":{"line":255,"column":13}},"56":{"start":{"line":256,"column":34},"end":{"line":256,"column":60}},"57":{"start":{"line":257,"column":12},"end":{"line":257,"column":62}},"58":{"start":{"line":258,"column":32},"end":{"line":261,"column":13}},"59":{"start":{"line":262,"column":28},"end":{"line":276,"column":13}},"60":{"start":{"line":277,"column":12},"end":{"line":277,"column":36}},"61":{"start":{"line":282,"column":8},"end":{"line":282,"column":46}},"62":{"start":{"line":286,"column":8},"end":{"line":288,"column":12}},"63":{"start":{"line":286,"column":36},"end":{"line":288,"column":9}},"64":{"start":{"line":292,"column":25},"end":{"line":292,"column":68}},"65":{"start":{"line":293,"column":25},"end":{"line":293,"column":68}},"66":{"start":{"line":294,"column":22},"end":{"line":294,"column":62}},"67":{"start":{"line":295,"column":8},"end":{"line":295,"column":31}},"68":{"start":{"line":297,"column":29},"end":{"line":302,"column":9}},"69":{"start":{"line":303,"column":24},"end":{"line":310,"column":9}},"70":{"start":{"line":311,"column":8},"end":{"line":311,"column":32}},"71":{"start":{"line":315,"column":22},"end":{"line":315,"column":66}},"72":{"start":{"line":316,"column":8},"end":{"line":316,"column":31}},"73":{"start":{"line":318,"column":29},"end":{"line":321,"column":9}},"74":{"start":{"line":322,"column":24},"end":{"line":329,"column":9}},"75":{"start":{"line":330,"column":8},"end":{"line":330,"column":32}},"76":{"start":{"line":334,"column":25},"end":{"line":334,"column":62}},"77":{"start":{"line":335,"column":25},"end":{"line":335,"column":68}},"78":{"start":{"line":336,"column":8},"end":{"line":336,"column":31}},"79":{"start":{"line":338,"column":29},"end":{"line":342,"column":9}},"80":{"start":{"line":343,"column":24},"end":{"line":350,"column":9}},"81":{"start":{"line":351,"column":8},"end":{"line":351,"column":32}},"82":{"start":{"line":355,"column":8},"end":{"line":355,"column":25}},"83":{"start":{"line":359,"column":19},"end":{"line":359,"column":41}},"84":{"start":{"line":360,"column":8},"end":{"line":379,"column":10}},"85":{"start":{"line":369,"column":12},"end":{"line":369,"column":35}},"86":{"start":{"line":373,"column":27},"end":{"line":376,"column":13}},"87":{"start":{"line":377,"column":12},"end":{"line":377,"column":36}},"88":{"start":{"line":378,"column":12},"end":{"line":378,"column":24}},"89":{"start":{"line":383,"column":20},"end":{"line":383,"column":35}},"90":{"start":{"line":384,"column":21},"end":{"line":384,"column":23}},"91":{"start":{"line":385,"column":8},"end":{"line":485,"column":11}},"92":{"start":{"line":386,"column":12},"end":{"line":386,"column":42}},"93":{"start":{"line":387,"column":28},"end":{"line":387,"column":40}},"94":{"start":{"line":388,"column":24},"end":{"line":388,"column":44}},"95":{"start":{"line":389,"column":29},"end":{"line":389,"column":44}},"96":{"start":{"line":390,"column":28},"end":{"line":390,"column":30}},"97":{"start":{"line":391,"column":12},"end":{"line":484,"column":13}},"98":{"start":{"line":394,"column":16},"end":{"line":457,"column":17}},"99":{"start":{"line":395,"column":20},"end":{"line":411,"column":21}},"100":{"start":{"line":396,"column":24},"end":{"line":403,"column":26}},"101":{"start":{"line":404,"column":24},"end":{"line":404,"column":65}},"102":{"start":{"line":405,"column":24},"end":{"line":405,"column":80}},"103":{"start":{"line":408,"column":24},"end":{"line":408,"column":69}},"104":{"start":{"line":409,"column":24},"end":{"line":409,"column":66}},"105":{"start":{"line":410,"column":24},"end":{"line":410,"column":80}},"106":{"start":{"line":415,"column":20},"end":{"line":456,"column":21}},"107":{"start":{"line":416,"column":24},"end":{"line":419,"column":26}},"108":{"start":{"line":420,"column":24},"end":{"line":420,"column":64}},"109":{"start":{"line":421,"column":24},"end":{"line":421,"column":80}},"110":{"start":{"line":423,"column":25},"end":{"line":456,"column":21}},"111":{"start":{"line":425,"column":41},"end":{"line":425,"column":66}},"112":{"start":{"line":426,"column":38},"end":{"line":426,"column":60}},"113":{"start":{"line":427,"column":24},"end":{"line":433,"column":26}},"114":{"start":{"line":434,"column":24},"end":{"line":434,"column":65}},"115":{"start":{"line":436,"column":24},"end":{"line":436,"column":80}},"116":{"start":{"line":439,"column":25},"end":{"line":456,"column":21}},"117":{"start":{"line":440,"column":39},"end":{"line":440,"column":62}},"118":{"start":{"line":441,"column":24},"end":{"line":444,"column":26}},"119":{"start":{"line":445,"column":24},"end":{"line":445,"column":71}},"120":{"start":{"line":446,"column":24},"end":{"line":446,"column":80}},"121":{"start":{"line":448,"column":25},"end":{"line":456,"column":21}},"122":{"start":{"line":449,"column":24},"end":{"line":449,"column":55}},"123":{"start":{"line":450,"column":24},"end":{"line":450,"column":80}},"124":{"start":{"line":452,"column":25},"end":{"line":456,"column":21}},"125":{"start":{"line":453,"column":24},"end":{"line":453,"column":59}},"126":{"start":{"line":454,"column":24},"end":{"line":454,"column":66}},"127":{"start":{"line":455,"column":24},"end":{"line":455,"column":80}},"128":{"start":{"line":459,"column":16},"end":{"line":483,"column":17}},"129":{"start":{"line":460,"column":20},"end":{"line":464,"column":22}},"130":{"start":{"line":465,"column":20},"end":{"line":465,"column":60}},"131":{"start":{"line":466,"column":20},"end":{"line":466,"column":76}},"132":{"start":{"line":469,"column":20},"end":{"line":482,"column":21}},"133":{"start":{"line":471,"column":24},"end":{"line":474,"column":26}},"134":{"start":{"line":475,"column":24},"end":{"line":475,"column":64}},"135":{"start":{"line":476,"column":24},"end":{"line":476,"column":80}},"136":{"start":{"line":478,"column":25},"end":{"line":482,"column":21}},"137":{"start":{"line":479,"column":24},"end":{"line":479,"column":59}},"138":{"start":{"line":480,"column":24},"end":{"line":480,"column":66}},"139":{"start":{"line":481,"column":24},"end":{"line":481,"column":80}},"140":{"start":{"line":486,"column":8},"end":{"line":490,"column":12}},"141":{"start":{"line":492,"column":21},"end":{"line":492,"column":58}},"142":{"start":{"line":494,"column":19},"end":{"line":500,"column":9}},"143":{"start":{"line":502,"column":8},"end":{"line":511,"column":10}},"144":{"start":{"line":516,"column":26},"end":{"line":516,"column":30}},"145":{"start":{"line":517,"column":8},"end":{"line":519,"column":9}},"146":{"start":{"line":518,"column":12},"end":{"line":518,"column":31}},"147":{"start":{"line":520,"column":21},"end":{"line":520,"column":26}},"148":{"start":{"line":521,"column":8},"end":{"line":523,"column":9}},"149":{"start":{"line":522,"column":12},"end":{"line":522,"column":26}},"150":{"start":{"line":525,"column":8},"end":{"line":634,"column":9}},"151":{"start":{"line":537,"column":111},"end":{"line":537,"column":135}},"152":{"start":{"line":552,"column":111},"end":{"line":552,"column":135}}},"fnMap":{"0":{"name":"(anonymous_0)","decl":{"start":{"line":15,"column":4},"end":{"line":15,"column":5}},"loc":{"start":{"line":15,"column":23},"end":{"line":82,"column":5}},"line":15},"1":{"name":"(anonymous_1)","decl":{"start":{"line":84,"column":4},"end":{"line":84,"column":5}},"loc":{"start":{"line":84,"column":22},"end":{"line":89,"column":5}},"line":84},"2":{"name":"(anonymous_2)","decl":{"start":{"line":91,"column":4},"end":{"line":91,"column":5}},"loc":{"start":{"line":91,"column":26},"end":{"line":188,"column":5}},"line":91},"3":{"name":"(anonymous_3)","decl":{"start":{"line":190,"column":4},"end":{"line":190,"column":5}},"loc":{"start":{"line":190,"column":18},"end":{"line":192,"column":5}},"line":190},"4":{"name":"(anonymous_4)","decl":{"start":{"line":194,"column":4},"end":{"line":194,"column":5}},"loc":{"start":{"line":194,"column":22},"end":{"line":211,"column":5}},"line":194},"5":{"name":"(anonymous_5)","decl":{"start":{"line":213,"column":4},"end":{"line":213,"column":5}},"loc":{"start":{"line":213,"column":21},"end":{"line":279,"column":5}},"line":213},"6":{"name":"(anonymous_6)","decl":{"start":{"line":281,"column":4},"end":{"line":281,"column":5}},"loc":{"start":{"line":281,"column":25},"end":{"line":283,"column":5}},"line":281},"7":{"name":"(anonymous_7)","decl":{"start":{"line":285,"column":4},"end":{"line":285,"column":5}},"loc":{"start":{"line":285,"column":13},"end":{"line":289,"column":5}},"line":285},"8":{"name":"(anonymous_8)","decl":{"start":{"line":286,"column":22},"end":{"line":286,"column":23}},"loc":{"start":{"line":286,"column":36},"end":{"line":288,"column":9}},"line":286},"9":{"name":"(anonymous_9)","decl":{"start":{"line":291,"column":4},"end":{"line":291,"column":5}},"loc":{"start":{"line":291,"column":28},"end":{"line":312,"column":5}},"line":291},"10":{"name":"(anonymous_10)","decl":{"start":{"line":314,"column":4},"end":{"line":314,"column":5}},"loc":{"start":{"line":314,"column":31},"end":{"line":331,"column":5}},"line":314},"11":{"name":"(anonymous_11)","decl":{"start":{"line":333,"column":4},"end":{"line":333,"column":5}},"loc":{"start":{"line":333,"column":24},"end":{"line":352,"column":5}},"line":333},"12":{"name":"(anonymous_12)","decl":{"start":{"line":354,"column":4},"end":{"line":354,"column":5}},"loc":{"start":{"line":354,"column":23},"end":{"line":356,"column":5}},"line":354},"13":{"name":"(anonymous_13)","decl":{"start":{"line":358,"column":4},"end":{"line":358,"column":5}},"loc":{"start":{"line":358,"column":21},"end":{"line":380,"column":5}},"line":358},"14":{"name":"(anonymous_14)","decl":{"start":{"line":367,"column":16},"end":{"line":367,"column":17}},"loc":{"start":{"line":367,"column":35},"end":{"line":371,"column":9}},"line":367},"15":{"name":"(anonymous_15)","decl":{"start":{"line":371,"column":16},"end":{"line":371,"column":17}},"loc":{"start":{"line":371,"column":26},"end":{"line":379,"column":9}},"line":371},"16":{"name":"(anonymous_16)","decl":{"start":{"line":382,"column":4},"end":{"line":382,"column":5}},"loc":{"start":{"line":382,"column":33},"end":{"line":512,"column":5}},"line":382},"17":{"name":"(anonymous_17)","decl":{"start":{"line":385,"column":51},"end":{"line":385,"column":52}},"loc":{"start":{"line":385,"column":65},"end":{"line":485,"column":9}},"line":385},"18":{"name":"(anonymous_18)","decl":{"start":{"line":515,"column":4},"end":{"line":515,"column":5}},"loc":{"start":{"line":515,"column":13},"end":{"line":637,"column":5}},"line":515},"19":{"name":"(anonymous_19)","decl":{"start":{"line":537,"column":101},"end":{"line":537,"column":102}},"loc":{"start":{"line":537,"column":111},"end":{"line":537,"column":135}},"line":537},"20":{"name":"(anonymous_20)","decl":{"start":{"line":552,"column":101},"end":{"line":552,"column":102}},"loc":{"start":{"line":552,"column":111},"end":{"line":552,"column":135}},"line":552}},"branchMap":{"0":{"loc":{"start":{"line":97,"column":8},"end":{"line":177,"column":9}},"type":"if","locations":[{"start":{"line":97,"column":8},"end":{"line":177,"column":9}},{"start":{"line":97,"column":8},"end":{"line":177,"column":9}}],"line":97},"1":{"loc":{"start":{"line":218,"column":8},"end":{"line":218,"column":33}},"type":"if","locations":[{"start":{"line":218,"column":8},"end":{"line":218,"column":33}},{"start":{"line":218,"column":8},"end":{"line":218,"column":33}}],"line":218},"2":{"loc":{"start":{"line":220,"column":8},"end":{"line":225,"column":9}},"type":"if","locations":[{"start":{"line":220,"column":8},"end":{"line":225,"column":9}},{"start":{"line":220,"column":8},"end":{"line":225,"column":9}}],"line":220},"3":{"loc":{"start":{"line":221,"column":12},"end":{"line":222,"column":46}},"type":"binary-expr","locations":[{"start":{"line":221,"column":12},"end":{"line":221,"column":58}},{"start":{"line":222,"column":12},"end":{"line":222,"column":46}}],"line":221},"4":{"loc":{"start":{"line":229,"column":8},"end":{"line":278,"column":9}},"type":"if","locations":[{"start":{"line":229,"column":8},"end":{"line":278,"column":9}},{"start":{"line":229,"column":8},"end":{"line":278,"column":9}}],"line":229},"5":{"loc":{"start":{"line":391,"column":12},"end":{"line":484,"column":13}},"type":"if","locations":[{"start":{"line":391,"column":12},"end":{"line":484,"column":13}},{"start":{"line":391,"column":12},"end":{"line":484,"column":13}}],"line":391},"6":{"loc":{"start":{"line":394,"column":16},"end":{"line":457,"column":17}},"type":"if","locations":[{"start":{"line":394,"column":16},"end":{"line":457,"column":17}},{"start":{"line":394,"column":16},"end":{"line":457,"column":17}}],"line":394},"7":{"loc":{"start":{"line":395,"column":20},"end":{"line":411,"column":21}},"type":"if","locations":[{"start":{"line":395,"column":20},"end":{"line":411,"column":21}},{"start":{"line":395,"column":20},"end":{"line":411,"column":21}}],"line":395},"8":{"loc":{"start":{"line":415,"column":20},"end":{"line":456,"column":21}},"type":"if","locations":[{"start":{"line":415,"column":20},"end":{"line":456,"column":21}},{"start":{"line":415,"column":20},"end":{"line":456,"column":21}}],"line":415},"9":{"loc":{"start":{"line":423,"column":25},"end":{"line":456,"column":21}},"type":"if","locations":[{"start":{"line":423,"column":25},"end":{"line":456,"column":21}},{"start":{"line":423,"column":25},"end":{"line":456,"column":21}}],"line":423},"10":{"loc":{"start":{"line":439,"column":25},"end":{"line":456,"column":21}},"type":"if","locations":[{"start":{"line":439,"column":25},"end":{"line":456,"column":21}},{"start":{"line":439,"column":25},"end":{"line":456,"column":21}}],"line":439},"11":{"loc":{"start":{"line":448,"column":25},"end":{"line":456,"column":21}},"type":"if","locations":[{"start":{"line":448,"column":25},"end":{"line":456,"column":21}},{"start":{"line":448,"column":25},"end":{"line":456,"column":21}}],"line":448},"12":{"loc":{"start":{"line":452,"column":25},"end":{"line":456,"column":21}},"type":"if","locations":[{"start":{"line":452,"column":25},"end":{"line":456,"column":21}},{"start":{"line":452,"column":25},"end":{"line":456,"column":21}}],"line":452},"13":{"loc":{"start":{"line":459,"column":16},"end":{"line":483,"column":17}},"type":"if","locations":[{"start":{"line":459,"column":16},"end":{"line":483,"column":17}},{"start":{"line":459,"column":16},"end":{"line":483,"column":17}}],"line":459},"14":{"loc":{"start":{"line":469,"column":20},"end":{"line":482,"column":21}},"type":"if","locations":[{"start":{"line":469,"column":20},"end":{"line":482,"column":21}},{"start":{"line":469,"column":20},"end":{"line":482,"column":21}}],"line":469},"15":{"loc":{"start":{"line":478,"column":25},"end":{"line":482,"column":21}},"type":"if","locations":[{"start":{"line":478,"column":25},"end":{"line":482,"column":21}},{"start":{"line":478,"column":25},"end":{"line":482,"column":21}}],"line":478},"16":{"loc":{"start":{"line":517,"column":8},"end":{"line":519,"column":9}},"type":"if","locations":[{"start":{"line":517,"column":8},"end":{"line":519,"column":9}},{"start":{"line":517,"column":8},"end":{"line":519,"column":9}}],"line":517},"17":{"loc":{"start":{"line":521,"column":8},"end":{"line":523,"column":9}},"type":"if","locations":[{"start":{"line":521,"column":8},"end":{"line":523,"column":9}},{"start":{"line":521,"column":8},"end":{"line":523,"column":9}}],"line":521},"18":{"loc":{"start":{"line":558,"column":37},"end":{"line":574,"column":44}},"type":"cond-expr","locations":[{"start":{"line":559,"column":40},"end":{"line":572,"column":47}},{"start":{"line":574,"column":40},"end":{"line":574,"column":44}}],"line":558},"19":{"loc":{"start":{"line":576,"column":37},"end":{"line":594,"column":46}},"type":"cond-expr","locations":[{"start":{"line":577,"column":40},"end":{"line":593,"column":47}},{"start":{"line":594,"column":42},"end":{"line":594,"column":46}}],"line":576},"20":{"loc":{"start":{"line":596,"column":37},"end":{"line":600,"column":46}},"type":"cond-expr","locations":[{"start":{"line":597,"column":44},"end":{"line":599,"column":56}},{"start":{"line":600,"column":42},"end":{"line":600,"column":46}}],"line":596},"21":{"loc":{"start":{"line":602,"column":37},"end":{"line":614,"column":46}},"type":"cond-expr","locations":[{"start":{"line":603,"column":40},"end":{"line":613,"column":47}},{"start":{"line":614,"column":42},"end":{"line":614,"column":46}}],"line":602},"22":{"loc":{"start":{"line":616,"column":37},"end":{"line":628,"column":46}},"type":"cond-expr","locations":[{"start":{"line":617,"column":40},"end":{"line":627,"column":47}},{"start":{"line":628,"column":42},"end":{"line":628,"column":46}}],"line":616}},"s":{"0":2,"1":0,"2":0,"3":0,"4":0,"5":0,"6":0,"7":0,"8":0,"9":0,"10":0,"11":0,"12":0,"13":0,"14":0,"15":0,"16":0,"17":0,"18":0,"19":0,"20":0,"21":0,"22":0,"23":0,"24":0,"25":0,"26":0,"27":0,"28":0,"29":0,"30":0,"31":0,"32":0,"33":0,"34":0,"35":0,"36":0,"37":0,"38":0,"39":0,"40":0,"41":0,"42":0,"43":0,"44":0,"45":0,"46":0,"47":0,"48":0,"49":0,"50":0,"51":0,"52":0,"53":0,"54":0,"55":0,"56":0,"57":0,"58":0,"59":0,"60":0,"61":0,"62":0,"63":0,"64":0,"65":0,"66":0,"67":0,"68":0,"69":0,"70":0,"71":0,"72":0,"73":0,"74":0,"75":0,"76":0,"77":0,"78":0,"79":0,"80":0,"81":0,"82":0,"83":0,"84":0,"85":0,"86":0,"87":0,"88":0,"89":0,"90":0,"91":0,"92":0,"93":0,"94":0,"95":0,"96":0,"97":0,"98":0,"99":0,"100":0,"101":0,"102":0,"103":0,"104":0,"105":0,"106":0,"107":0,"108":0,"109":0,"110":0,"111":0,"112":0,"113":0,"114":0,"115":0,"116":0,"117":0,"118":0,"119":0,"120":0,"121":0,"122":0,"123":0,"124":0,"125":0,"126":0,"127":0,"128":0,"129":0,"130":0,"131":0,"132":0,"133":0,"134":0,"135":0,"136":0,"137":0,"138":0,"139":0,"140":0,"141":0,"142":0,"143":0,"144":0,"145":0,"146":0,"147":0,"148":0,"149":0,"150":0,"151":0,"152":0},"f":{"0":0,"1":0,"2":0,"3":0,"4":0,"5":0,"6":0,"7":0,"8":0,"9":0,"10":0,"11":0,"12":0,"13":0,"14":0,"15":0,"16":0,"17":0,"18":0,"19":0,"20":0},"b":{"0":[0,0],"1":[0,0],"2":[0,0],"3":[0,0],"4":[0,0],"5":[0,0],"6":[0,0],"7":[0,0],"8":[0,0],"9":[0,0],"10":[0,0],"11":[0,0],"12":[0,0],"13":[0,0],"14":[0,0],"15":[0,0],"16":[0,0],"17":[0,0],"18":[0,0],"19":[0,0],"20":[0,0],"21":[0,0],"22":[0,0]},"_coverageSchema":"43e27e138ebf9cfc5966b082cf9a028302ed4184","hash":"d73579ec1b7316b2ae1252d30f5ae15fba1d53d9"}
,"/home/liam/fourth_year/2019-ca400-mcaweel2/src/frontend/src/js/DesignSummary.js": {"path":"/home/liam/fourth_year/2019-ca400-mcaweel2/src/frontend/src/js/DesignSummary.js","statementMap":{"0":{"start":{"line":7,"column":8},"end":{"line":7,"column":21}},"1":{"start":{"line":11,"column":32},"end":{"line":11,"column":42}},"2":{"start":{"line":12,"column":8},"end":{"line":82,"column":10}},"3":{"start":{"line":21,"column":32},"end":{"line":76,"column":33}},"4":{"start":{"line":22,"column":36},"end":{"line":41,"column":37}},"5":{"start":{"line":23,"column":40},"end":{"line":30,"column":41}},"6":{"start":{"line":33,"column":40},"end":{"line":40,"column":41}},"7":{"start":{"line":45,"column":36},"end":{"line":75,"column":37}},"8":{"start":{"line":46,"column":40},"end":{"line":50,"column":41}},"9":{"start":{"line":51,"column":43},"end":{"line":75,"column":37}},"10":{"start":{"line":52,"column":40},"end":{"line":56,"column":41}},"11":{"start":{"line":57,"column":43},"end":{"line":75,"column":37}},"12":{"start":{"line":58,"column":40},"end":{"line":62,"column":41}},"13":{"start":{"line":63,"column":43},"end":{"line":75,"column":37}},"14":{"start":{"line":64,"column":40},"end":{"line":68,"column":41}},"15":{"start":{"line":69,"column":43},"end":{"line":75,"column":37}},"16":{"start":{"line":70,"column":40},"end":{"line":74,"column":41}}},"fnMap":{"0":{"name":"(anonymous_0)","decl":{"start":{"line":6,"column":4},"end":{"line":6,"column":5}},"loc":{"start":{"line":6,"column":23},"end":{"line":8,"column":5}},"line":6},"1":{"name":"(anonymous_1)","decl":{"start":{"line":10,"column":4},"end":{"line":10,"column":5}},"loc":{"start":{"line":10,"column":12},"end":{"line":83,"column":5}},"line":10},"2":{"name":"(anonymous_2)","decl":{"start":{"line":20,"column":46},"end":{"line":20,"column":47}},"loc":{"start":{"line":20,"column":61},"end":{"line":77,"column":29}},"line":20}},"branchMap":{"0":{"loc":{"start":{"line":21,"column":32},"end":{"line":76,"column":33}},"type":"if","locations":[{"start":{"line":21,"column":32},"end":{"line":76,"column":33}},{"start":{"line":21,"column":32},"end":{"line":76,"column":33}}],"line":21},"1":{"loc":{"start":{"line":22,"column":36},"end":{"line":41,"column":37}},"type":"if","locations":[{"start":{"line":22,"column":36},"end":{"line":41,"column":37}},{"start":{"line":22,"column":36},"end":{"line":41,"column":37}}],"line":22},"2":{"loc":{"start":{"line":45,"column":36},"end":{"line":75,"column":37}},"type":"if","locations":[{"start":{"line":45,"column":36},"end":{"line":75,"column":37}},{"start":{"line":45,"column":36},"end":{"line":75,"column":37}}],"line":45},"3":{"loc":{"start":{"line":51,"column":43},"end":{"line":75,"column":37}},"type":"if","locations":[{"start":{"line":51,"column":43},"end":{"line":75,"column":37}},{"start":{"line":51,"column":43},"end":{"line":75,"column":37}}],"line":51},"4":{"loc":{"start":{"line":57,"column":43},"end":{"line":75,"column":37}},"type":"if","locations":[{"start":{"line":57,"column":43},"end":{"line":75,"column":37}},{"start":{"line":57,"column":43},"end":{"line":75,"column":37}}],"line":57},"5":{"loc":{"start":{"line":63,"column":43},"end":{"line":75,"column":37}},"type":"if","locations":[{"start":{"line":63,"column":43},"end":{"line":75,"column":37}},{"start":{"line":63,"column":43},"end":{"line":75,"column":37}}],"line":63},"6":{"loc":{"start":{"line":69,"column":43},"end":{"line":75,"column":37}},"type":"if","locations":[{"start":{"line":69,"column":43},"end":{"line":75,"column":37}},{"start":{"line":69,"column":43},"end":{"line":75,"column":37}}],"line":69}},"s":{"0":0,"1":0,"2":0,"3":0,"4":0,"5":0,"6":0,"7":0,"8":0,"9":0,"10":0,"11":0,"12":0,"13":0,"14":0,"15":0,"16":0},"f":{"0":0,"1":0,"2":0},"b":{"0":[0,0],"1":[0,0],"2":[0,0],"3":[0,0],"4":[0,0],"5":[0,0],"6":[0,0]},"_coverageSchema":"43e27e138ebf9cfc5966b082cf9a028302ed4184","hash":"296c369c19364e41c6fb530b4876c984c7bcc088"}
,"/home/liam/fourth_year/2019-ca400-mcaweel2/src/frontend/src/js/Display.js": {"path":"/home/liam/fourth_year/2019-ca400-mcaweel2/src/frontend/src/js/Display.js","statementMap":{"0":{"start":{"line":15,"column":8},"end":{"line":15,"column":21}},"1":{"start":{"line":16,"column":8},"end":{"line":18,"column":10}},"2":{"start":{"line":19,"column":8},"end":{"line":19,"column":59}},"3":{"start":{"line":23,"column":8},"end":{"line":25,"column":11}},"4":{"start":{"line":28,"column":8},"end":{"line":28,"column":58}},"5":{"start":{"line":32,"column":8},"end":{"line":99,"column":9}},"6":{"start":{"line":33,"column":12},"end":{"line":82,"column":13}},"7":{"start":{"line":34,"column":16},"end":{"line":36,"column":17}},"8":{"start":{"line":38,"column":17},"end":{"line":82,"column":13}},"9":{"start":{"line":39,"column":16},"end":{"line":41,"column":17}},"10":{"start":{"line":43,"column":17},"end":{"line":82,"column":13}},"11":{"start":{"line":44,"column":16},"end":{"line":49,"column":17}},"12":{"start":{"line":45,"column":19},"end":{"line":48,"column":20}},"13":{"start":{"line":51,"column":16},"end":{"line":55,"column":17}},"14":{"start":{"line":52,"column":20},"end":{"line":54,"column":21}},"15":{"start":{"line":56,"column":16},"end":{"line":60,"column":17}},"16":{"start":{"line":57,"column":20},"end":{"line":59,"column":21}},"17":{"start":{"line":61,"column":16},"end":{"line":65,"column":17}},"18":{"start":{"line":62,"column":20},"end":{"line":64,"column":21}},"19":{"start":{"line":66,"column":16},"end":{"line":70,"column":17}},"20":{"start":{"line":67,"column":20},"end":{"line":69,"column":21}},"21":{"start":{"line":75,"column":16},"end":{"line":81,"column":17}},"22":{"start":{"line":85,"column":33},"end":{"line":85,"column":43}},"23":{"start":{"line":86,"column":12},"end":{"line":97,"column":13}},"24":{"start":{"line":90,"column":45},"end":{"line":90,"column":116}},"25":{"start":{"line":92,"column":50},"end":{"line":92,"column":100}}},"fnMap":{"0":{"name":"(anonymous_0)","decl":{"start":{"line":14,"column":4},"end":{"line":14,"column":5}},"loc":{"start":{"line":14,"column":23},"end":{"line":20,"column":5}},"line":14},"1":{"name":"(anonymous_1)","decl":{"start":{"line":22,"column":4},"end":{"line":22,"column":5}},"loc":{"start":{"line":22,"column":26},"end":{"line":26,"column":5}},"line":22},"2":{"name":"(anonymous_2)","decl":{"start":{"line":27,"column":4},"end":{"line":27,"column":5}},"loc":{"start":{"line":27,"column":19},"end":{"line":29,"column":5}},"line":27},"3":{"name":"(anonymous_3)","decl":{"start":{"line":31,"column":4},"end":{"line":31,"column":5}},"loc":{"start":{"line":31,"column":13},"end":{"line":100,"column":5}},"line":31},"4":{"name":"(anonymous_4)","decl":{"start":{"line":90,"column":39},"end":{"line":90,"column":40}},"loc":{"start":{"line":90,"column":45},"end":{"line":90,"column":116}},"line":90},"5":{"name":"(anonymous_5)","decl":{"start":{"line":92,"column":39},"end":{"line":92,"column":40}},"loc":{"start":{"line":92,"column":50},"end":{"line":92,"column":100}},"line":92}},"branchMap":{"0":{"loc":{"start":{"line":32,"column":8},"end":{"line":99,"column":9}},"type":"if","locations":[{"start":{"line":32,"column":8},"end":{"line":99,"column":9}},{"start":{"line":32,"column":8},"end":{"line":99,"column":9}}],"line":32},"1":{"loc":{"start":{"line":33,"column":12},"end":{"line":82,"column":13}},"type":"if","locations":[{"start":{"line":33,"column":12},"end":{"line":82,"column":13}},{"start":{"line":33,"column":12},"end":{"line":82,"column":13}}],"line":33},"2":{"loc":{"start":{"line":38,"column":17},"end":{"line":82,"column":13}},"type":"if","locations":[{"start":{"line":38,"column":17},"end":{"line":82,"column":13}},{"start":{"line":38,"column":17},"end":{"line":82,"column":13}}],"line":38},"3":{"loc":{"start":{"line":43,"column":17},"end":{"line":82,"column":13}},"type":"if","locations":[{"start":{"line":43,"column":17},"end":{"line":82,"column":13}},{"start":{"line":43,"column":17},"end":{"line":82,"column":13}}],"line":43},"4":{"loc":{"start":{"line":44,"column":16},"end":{"line":49,"column":17}},"type":"if","locations":[{"start":{"line":44,"column":16},"end":{"line":49,"column":17}},{"start":{"line":44,"column":16},"end":{"line":49,"column":17}}],"line":44},"5":{"loc":{"start":{"line":51,"column":16},"end":{"line":55,"column":17}},"type":"if","locations":[{"start":{"line":51,"column":16},"end":{"line":55,"column":17}},{"start":{"line":51,"column":16},"end":{"line":55,"column":17}}],"line":51},"6":{"loc":{"start":{"line":56,"column":16},"end":{"line":60,"column":17}},"type":"if","locations":[{"start":{"line":56,"column":16},"end":{"line":60,"column":17}},{"start":{"line":56,"column":16},"end":{"line":60,"column":17}}],"line":56},"7":{"loc":{"start":{"line":61,"column":16},"end":{"line":65,"column":17}},"type":"if","locations":[{"start":{"line":61,"column":16},"end":{"line":65,"column":17}},{"start":{"line":61,"column":16},"end":{"line":65,"column":17}}],"line":61},"8":{"loc":{"start":{"line":66,"column":16},"end":{"line":70,"column":17}},"type":"if","locations":[{"start":{"line":66,"column":16},"end":{"line":70,"column":17}},{"start":{"line":66,"column":16},"end":{"line":70,"column":17}}],"line":66}},"s":{"0":3,"1":3,"2":3,"3":1,"4":1,"5":4,"6":0,"7":0,"8":0,"9":0,"10":0,"11":0,"12":0,"13":0,"14":0,"15":0,"16":0,"17":0,"18":0,"19":0,"20":0,"21":0,"22":4,"23":4,"24":0,"25":0},"f":{"0":3,"1":1,"2":1,"3":4,"4":0,"5":0},"b":{"0":[0,4],"1":[0,0],"2":[0,0],"3":[0,0],"4":[0,0],"5":[0,0],"6":[0,0],"7":[0,0],"8":[0,0]},"_coverageSchema":"43e27e138ebf9cfc5966b082cf9a028302ed4184","hash":"d3ddf65d4c2746c3ddf49489ec9f7827090a9108"}
,"/home/liam/fourth_year/2019-ca400-mcaweel2/src/frontend/src/js/DragContextSidebar.js": {"path":"/home/liam/fourth_year/2019-ca400-mcaweel2/src/frontend/src/js/DragContextSidebar.js","statementMap":{"0":{"start":{"line":9,"column":8},"end":{"line":9,"column":21}},"1":{"start":{"line":10,"column":8},"end":{"line":13,"column":10}},"2":{"start":{"line":14,"column":8},"end":{"line":14,"column":71}},"3":{"start":{"line":15,"column":8},"end":{"line":15,"column":53}},"4":{"start":{"line":16,"column":8},"end":{"line":16,"column":71}},"5":{"start":{"line":20,"column":27},"end":{"line":20,"column":70}},"6":{"start":{"line":21,"column":8},"end":{"line":21,"column":31}},"7":{"start":{"line":22,"column":8},"end":{"line":22,"column":44}},"8":{"start":{"line":26,"column":27},"end":{"line":26,"column":70}},"9":{"start":{"line":27,"column":8},"end":{"line":27,"column":31}},"10":{"start":{"line":28,"column":8},"end":{"line":28,"column":32}},"11":{"start":{"line":29,"column":8},"end":{"line":37,"column":9}},"12":{"start":{"line":30,"column":12},"end":{"line":32,"column":13}},"13":{"start":{"line":31,"column":16},"end":{"line":31,"column":56}},"14":{"start":{"line":34,"column":12},"end":{"line":36,"column":13}},"15":{"start":{"line":35,"column":16},"end":{"line":35,"column":56}},"16":{"start":{"line":41,"column":8},"end":{"line":43,"column":12}},"17":{"start":{"line":41,"column":36},"end":{"line":43,"column":9}},"18":{"start":{"line":48,"column":23},"end":{"line":51,"column":9}},"19":{"start":{"line":49,"column":12},"end":{"line":49,"column":57}},"20":{"start":{"line":49,"column":35},"end":{"line":49,"column":57}},"21":{"start":{"line":50,"column":12},"end":{"line":50,"column":43}},"22":{"start":{"line":52,"column":24},"end":{"line":52,"column":34}},"23":{"start":{"line":53,"column":8},"end":{"line":106,"column":9}},"24":{"start":{"line":66,"column":36},"end":{"line":83,"column":42}},"25":{"start":{"line":73,"column":48},"end":{"line":76,"column":67}},"26":{"start":{"line":100,"column":64},"end":{"line":100,"column":97}},"27":{"start":{"line":101,"column":64},"end":{"line":101,"column":97}}},"fnMap":{"0":{"name":"(anonymous_0)","decl":{"start":{"line":8,"column":4},"end":{"line":8,"column":5}},"
[...]
":{"line":140,"column":33}},"loc":{"start":{"line":140,"column":55},"end":{"line":188,"column":21}},"line":140},"13":{"name":"(anonymous_13)","decl":{"start":{"line":189,"column":34},"end":{"line":189,"column":35}},"loc":{"start":{"line":189,"column":57},"end":{"line":213,"column":21}},"line":189},"14":{"name":"(anonymous_14)","decl":{"start":{"line":214,"column":32},"end":{"line":214,"column":33}},"loc":{"start":{"line":214,"column":55},"end":{"line":239,"column":21}},"line":214},"15":{"name":"(anonymous_15)","decl":{"start":{"line":240,"column":32},"end":{"line":240,"column":33}},"loc":{"start":{"line":240,"column":48},"end":{"line":252,"column":21}},"line":240},"16":{"name":"(anonymous_16)","decl":{"start":{"line":253,"column":34},"end":{"line":253,"column":35}},"loc":{"start":{"line":253,"column":50},"end":{"line":264,"column":21}},"line":253},"17":{"name":"(anonymous_17)","decl":{"start":{"line":330,"column":32},"end":{"line":330,"column":33}},"loc":{"start":{"line":330,"column":55},"end":{"line":376,"column":21}},"line":330},"18":{"name":"(anonymous_18)","decl":{"start":{"line":377,"column":34},"end":{"line":377,"column":35}},"loc":{"start":{"line":377,"column":57},"end":{"line":401,"column":21}},"line":377},"19":{"name":"(anonymous_19)","decl":{"start":{"line":402,"column":32},"end":{"line":402,"column":33}},"loc":{"start":{"line":402,"column":55},"end":{"line":427,"column":21}},"line":402},"20":{"name":"(anonymous_20)","decl":{"start":{"line":428,"column":32},"end":{"line":428,"column":33}},"loc":{"start":{"line":428,"column":48},"end":{"line":440,"column":21}},"line":428},"21":{"name":"(anonymous_21)","decl":{"start":{"line":441,"column":34},"end":{"line":441,"column":35}},"loc":{"start":{"line":441,"column":50},"end":{"line":452,"column":21}},"line":441},"22":{"name":"(anonymous_22)","decl":{"start":{"line":473,"column":20},"end":{"line":473,"column":21}},"loc":{"start":{"line":473,"column":26},"end":{"line":482,"column":13}},"line":473},"23":{"name":"(anonymous_23)","decl":{"start":{"line":485,"column":4},"end":{"line":485,"column":5}},"loc":{"start":{"line":485,"column":108},"end":{"line":525,"column":5}},"line":485},"24":{"name":"(anonymous_24)","decl":{"start":{"line":518,"column":16},"end":{"line":518,"column":17}},"loc":{"start":{"line":518,"column":35},"end":{"line":520,"column":9}},"line":518},"25":{"name":"(anonymous_25)","decl":{"start":{"line":520,"column":16},"end":{"line":520,"column":17}},"loc":{"start":{"line":520,"column":26},"end":{"line":524,"column":9}},"line":520},"26":{"name":"(anonymous_26)","decl":{"start":{"line":527,"column":4},"end":{"line":527,"column":5}},"loc":{"start":{"line":527,"column":32},"end":{"line":534,"column":5}},"line":527},"27":{"name":"(anonymous_27)","decl":{"start":{"line":535,"column":4},"end":{"line":535,"column":5}},"loc":{"start":{"line":535,"column":19},"end":{"line":539,"column":5}},"line":535},"28":{"name":"(anonymous_28)","decl":{"start":{"line":542,"column":4},"end":{"line":542,"column":5}},"loc":{"start":{"line":542,"column":12},"end":{"line":598,"column":5}},"line":542},"29":{"name":"(anonymous_29)","decl":{"start":{"line":552,"column":60},"end":{"line":552,"column":61}},"loc":{"start":{"line":552,"column":77},"end":{"line":556,"column":33}},"line":552},"30":{"name":"(anonymous_30)","decl":{"start":{"line":585,"column":47},"end":{"line":585,"column":48}},"loc":{"start":{"line":585,"column":51},"end":{"line":585,"column":73}},"line":585}},"branchMap":{"0":{"loc":{"start":{"line":123,"column":8},"end":{"line":483,"column":9}},"type":"if","locations":[{"start":{"line":123,"column":8},"end":{"line":483,"column":9}},{"start":{"line":123,"column":8},"end":{"line":483,"column":9}}],"line":123},"1":{"loc":{"start":{"line":128,"column":12},"end":{"line":128,"column":102}},"type":"if","locations":[{"start":{"line":128,"column":12},"end":{"line":128,"column":102}},{"start":{"line":128,"column":12},"end":{"line":128,"column":102}}],"line":128},"2":{"loc":{"start":{"line":128,"column":16},"end":{"line":128,"column":72}},"type":"binary-expr","locations":[{"start":{"line":128,"column":16},"end":{"line":128,"column":44}},{"start":{"line":128,"column":48},"end":{"line":128,"column":72}}],"line":128},"3":{"loc":{"start":{"line":129,"column":12},"end":{"line":129,"column":83}},"type":"if","locations":[{"start":{"line":129,"column":12},"end":{"line":129,"column":83}},{"start":{"line":129,"column":12},"end":{"line":129,"column":83}}],"line":129},"4":{"loc":{"start":{"line":129,"column":16},"end":{"line":129,"column":60}},"type":"binary-expr","locations":[{"start":{"line":129,"column":16},"end":{"line":129,"column":37}},{"start":{"line":129,"column":41},"end":{"line":129,"column":60}}],"line":129},"5":{"loc":{"start":{"line":184,"column":24},"end":{"line":186,"column":25}},"type":"if","locations":[{"start":{"line":184,"column":24},"end":{"line":186,"column":25}},{"start":{"line":184,"column":24},"end":{"line":186,"column":25}}],"line":184},"6":{"loc":{"start":{"line":575,"column":17},"end":{"line":593,"column":26}},"type":"cond-expr","locations":[{"start":{"line":577,"column":20},"end":{"line":586,"column":22}},{"start":{"line":588,"column":20},"end":{"line":593,"column":26}}],"line":575},"7":{"loc":{"start":{"line":575,"column":17},"end":{"line":575,"column":75}},"type":"binary-expr","locations":[{"start":{"line":575,"column":17},"end":{"line":575,"column":43}},{"start":{"line":575,"column":47},"end":{"line":575,"column":75}}],"line":575},"8":{"loc":{"start":{"line":589,"column":25},"end":{"line":592,"column":33}},"type":"cond-expr","locations":[{"start":{"line":590,"column":24},"end":{"line":591,"column":64}},{"start":{"line":592,"column":29},"end":{"line":592,"column":33}}],"line":589}},"s":{"0":2,"1":0,"2":0,"3":0,"4":0,"5":0,"6":0,"7":0,"8":0,"9":0,"10":0,"11":0,"12":0,"13":0,"14":0,"15":0,"16":0,"17":0,"18":0,"19":0,"20":0,"21":0,"22":0,"23":0,"24":0,"25":0,"26":0,"27":0,"28":0,"29":0,"30":0,"31":0,"32":0,"33":0,"34":0,"35":0,"36":0,"37":0,"38":0,"39":0,"40":0,"41":0,"42":0,"43":0,"44":0,"45":0,"46":0,"47":0,"48":0,"49":0,"50":0,"51":0,"52":0,"53":0,"54":0,"55":0,"56":0,"57":0,"58":0,"59":0,"60":0,"61":0,"62":0,"63":0,"64":0,"65":0,"66":0,"67":0,"68":0,"69":0,"70":0,"71":0,"72":0,"73":0,"74":0,"75":0,"76":0,"77":0,"78":0,"79":0,"80":0,"81":0,"82":0,"83":0,"84":0,"85":0,"86":0,"87":0,"88":0,"89":0,"90":0,"91":0,"92":0,"93":0,"94":0,"95":0,"96":0,"97":0,"98":0,"99":0,"100":0,"101":0,"102":0,"103":0,"104":0,"105":0,"106":0,"107":0,"108":0,"109":0,"110":0,"111":0,"112":0,"113":0,"114":0,"115":0,"116":0,"117":0,"118":0,"119":0,"120":0,"121":0,"122":0,"123":0,"124":0,"125":0,"126":0,"127":0,"128":0,"129":0,"130":0,"131":0,"132":0,"133":0,"134":0,"135":0,"136":0,"137":0,"138":0,"139":0,"140":0,"141":0,"142":0,"143":0,"144":0,"145":0,"146":0,"147":0,"148":0,"149":0,"150":0,"151":0,"152":0,"153":0,"154":0,"155":0,"156":0,"157":0,"158":0,"159":0,"160":0,"161":0,"162":0,"163":0,"164":0,"165":0,"166":0,"167":0,"168":0,"169":0,"170":0,"171":0,"172":0,"173":0,"174":0,"175":0,"176":0,"177":0,"178":0,"179":0},"f":{"0":0,"1":0,"2":0,"3":0,"4":0,"5":0,"6":0,"7":0,"8":0,"9":0,"10":0,"11":0,"12":0,"13":0,"14":0,"15":0,"16":0,"17":0,"18":0,"19":0,"20":0,"21":0,"22":0,"23":0,"24":0,"25":0,"26":0,"27":0,"28":0,"29":0,"30":0},"b":{"0":[0,0],"1":[0,0],"2":[0,0],"3":[0,0],"4":[0,0],"5":[0,0],"6":[0,0],"7":[0,0],"8":[0,0]},"_coverageSchema":"43e27e138ebf9cfc5966b082cf9a028302ed4184","hash":"a7e11f86c2e987829dd022f3406411679e7d877d"}
,"/home/liam/fourth_year/2019-ca400-mcaweel2/src/frontend/src/js/TrainedSummary.js": {"path":"/home/liam/fourth_year/2019-ca400-mcaweel2/src/frontend/src/js/TrainedSummary.js","statementMap":{"0":{"start":{"line":7,"column":8},"end":{"line":7,"column":21}},"1":{"start":{"line":11,"column":8},"end":{"line":11,"column":42}},"2":{"start":{"line":15,"column":31},"end":{"line":15,"column":41}},"3":{"start":{"line":16,"column":8},"end":{"line":53,"column":10}},"4":{"start":{"line":19,"column":20},"end":{"line":49,"column":21}},"5":{"start":{"line":21,"column":51},"end":{"line":21,"column":77}}},"fnMap":{"0":{"name":"(anonymous_0)","decl":{"start":{"line":6,"column":4},"end":{"line":6,"column":5}},"loc":{"start":{"line":6,"column":23},"end":{"line":8,"column":5}},"line":6},"1":{"name":"(anonymous_1)","decl":{"start":{"line":10,"column":4},"end":{"line":10,"column":5}},"loc":{"start":{"line":10,"column":25},"end":{"line":12,"column":5}},"line":10},"2":{"name":"(anonymous_2)","decl":{"start":{"line":14,"column":4},"end":{"line":14,"column":5}},"loc":{"start":{"line":14,"column":12},"end":{"line":54,"column":5}},"line":14},"3":{"name":"(anonymous_3)","decl":{"start":{"line":18,"column":33},"end":{"line":18,"column":34}},"loc":{"start":{"line":18,"column":47},"end":{"line":50,"column":17}},"line":18},"4":{"name":"(anonymous_4)","decl":{"start":{"line":21,"column":47},"end":{"line":21,"column":48}},"loc":{"start":{"line":21,"column":51},"end":{"line":21,"column":77}},"line":21}},"branchMap":{},"s":{"0":0,"1":0,"2":0,"3":0,"4":0,"5":0},"f":{"0":0,"1":0,"2":0,"3":0,"4":0},"b":{},"_coverageSchema":"43e27e138ebf9cfc5966b082cf9a028302ed4184","hash":"9fd86c1bfde8f8f5861fd006fb4841b2fcfb6ce9"}
,"/home/liam/fourth_year/2019-ca400-mcaweel2/src/frontend/src/js/TrainingTimes.js": {"path":"/home/liam/fourth_year/2019-ca400-mcaweel2/src/frontend/src/js/TrainingTimes.js","statementMap":{"0":{"start":{"line":9,"column":8},"end":{"line":9,"column":21}},"1":{"start":{"line":13,"column":48},"end":{"line":13,"column":58}},"2":{"start":{"line":14,"column":23},"end":{"line":14,"column":36}},"3":{"start":{"line":16,"column":21},"end":{"line":29,"column":9}},"4":{"start":{"line":31,"column":8},"end":{"line":64,"column":10}}},"fnMap":{"0":{"name":"(anonymous_0)","decl":{"start":{"line":8,"column":4},"end":{"line":8,"column":5}},"loc":{"start":{"line":8,"column":23},"end":{"line":10,"column":5}},"line":8},"1":{"name":"(anonymous_1)","decl":{"start":{"line":12,"column":4},"end":{"line":12,"column":5}},"loc":{"start":{"line":12,"column":12},"end":{"line":65,"column":5}},"line":12}},"branchMap":{},"s":{"0":0,"1":0,"2":0,"3":0,"4":0},"f":{"0":0,"1":0},"b":{},"_coverageSchema":"43e27e138ebf9cfc5966b082cf9a028302ed4184","hash":"077d3444290109badd045a703214dfb12011731b"}
,"/home/liam/fourth_year/2019-ca400-mcaweel2/src/frontend/src/js/Utils.js": {"path":"/home/liam/fourth_year/2019-ca400-mcaweel2/src/frontend/src/js/Utils.js","statementMap":{"0":{"start":{"line":2,"column":4},"end":{"line":2,"column":59}}},"fnMap":{"0":{"name":"handleLogin","decl":{"start":{"line":1,"column":16},"end":{"line":1,"column":27}},"loc":{"start":{"line":1,"column":30},"end":{"line":3,"column":1}},"line":1}},"branchMap":{},"s":{"0":1},"f":{"0":1},"b":{},"_coverageSchema":"43e27e138ebf9cfc5966b082cf9a028302ed4184","hash":"d67f203f841a2d8983d70a204e54cda0ef8eac35"}
,"/home/liam/fourth_year/2019-ca400-mcaweel2/src/frontend/src/js/Verify.js": {"path":"/home/liam/fourth_year/2019-ca400-mcaweel2/src/frontend/src/js/Verify.js","statementMap":{"0":{"start":{"line":5,"column":16},"end":{"line":5,"column":29}},"1":{"start":{"line":9,"column":8},"end":{"line":9,"column":21}},"2":{"start":{"line":11,"column":8},"end":{"line":11,"column":57}},"3":{"start":{"line":17,"column":19},"end":{"line":20,"column":9}},"4":{"start":{"line":21,"column":8},"end":{"line":21,"column":31}},"5":{"start":{"line":22,"column":8},"end":{"line":43,"column":10}},"6":{"start":{"line":33,"column":12},"end":{"line":33,"column":35}},"7":{"start":{"line":36,"column":12},"end":{"line":36,"column":52}},"8":{"start":{"line":37,"column":12},"end":{"line":42,"column":13}},"9":{"start":{"line":38,"column":16},"end":{"line":38,"column":71}},"10":{"start":{"line":39,"column":16},"end":{"line":39,"column":56}},"11":{"start":{"line":40,"column":16},"end":{"line":40,"column":67}},"12":{"start":{"line":41,"column":16},"end":{"line":41,"column":52}},"13":{"start":{"line":49,"column":8},"end":{"line":58,"column":10}}},"fnMap":{"0":{"name":"(anonymous_0)","decl":{"start":{"line":8,"column":4},"end":{"line":8,"column":5}},"loc":{"start":{"line":8,"column":23},"end":{"line":12,"column":5}},"line":8},"1":{"name":"(anonymous_1)","decl":{"start":{"line":15,"column":4},"end":{"line":15,"column":5}},"loc":{"start":{"line":16,"column":4},"end":{"line":45,"column":5}},"line":16},"2":{"name":"(anonymous_2)","decl":{"start":{"line":31,"column":16},"end":{"line":31,"column":17}},"loc":{"start":{"line":31,"column":35},"end":{"line":35,"column":9}},"line":31},"3":{"name":"(anonymous_3)","decl":{"start":{"line":35,"column":16},"end":{"line":35,"column":17}},"loc":{"start":{"line":35,"column":26},"end":{"line":43,"column":9}},"line":35},"4":{"name":"(anonymous_4)","decl":{"start":{"line":47,"column":4},"end":{"line":47,"column":5}},"loc":{"start":{"line":48,"column":4},"end":{"line":59,"column":5}},"line":48}},"branchMap":{"0":{"loc":{"start":{"line":37,"column":12},"end":{"line":42,"column":13}},"type":"if","locations":[{"start":{"line":37,"column":12},"end":{"line":42,"column":13}},{"start":{"line":37,"column":12},"end":{"line":42,"column":13}}],"line":37}},"s":{"0":3,"1":1,"2":1,"3":0,"4":0,"5":0,"6":0,"7":0,"8":0,"9":0,"10":0,"11":0,"12":0,"13":1},"f":{"0":1,"1":0,"2":0,"3":0,"4":1},"b":{"0":[0,0]},"_coverageSchema":"43e27e138ebf9cfc5966b082cf9a028302ed4184","hash":"56ed17247c8330fc513df041b8e824c29f08f4d0"}
,"/home/liam/fourth_year/2019-ca400-mcaweel2/src/frontend/src/js/Welcome.js": {"path":"/home/liam/fourth_year/2019-ca400-mcaweel2/src/frontend/src/js/Welcome.js","statementMap":{"0":{"start":{"line":7,"column":8},"end":{"line":7,"column":21}},"1":{"start":{"line":11,"column":8},"end":{"line":22,"column":10}}},"fnMap":{"0":{"name":"(anonymous_0)","decl":{"start":{"line":6,"column":4},"end":{"line":6,"column":5}},"loc":{"start":{"line":6,"column":23},"end":{"line":8,"column":5}},"line":6},"1":{"name":"(anonymous_1)","decl":{"start":{"line":10,"column":4},"end":{"line":10,"column":5}},"loc":{"start":{"line":10,"column":12},"end":{"line":23,"column":5}},"line":10}},"branchMap":{},"s":{"0":3,"1":3},"f":{"0":3,"1":3},"b":{},"_coverageSchema":"43e27e138ebf9cfc5966b082cf9a028302ed4184","hash":"f25b9b1afdfe426fe5693fa3c89b141bb2477660"}
,"/home/liam/fourth_year/2019-ca400-mcaweel2/src/frontend/src/js/data.js": {"path":"/home/liam/fourth_year/2019-ca400-mcaweel2/src/frontend/src/js/data.js","statementMap":{"0":{"start":{"line":3,"column":23},"end":{"line":3,"column":25}},"1":{"start":{"line":4,"column":23},"end":{"line":4,"column":25}},"2":{"start":{"line":5,"column":19},"end":{"line":5,"column":36}},"3":{"start":{"line":6,"column":20},"end":{"line":6,"column":22}},"4":{"start":{"line":7,"column":29},"end":{"line":7,"column":34}},"5":{"start":{"line":9,"column":27},"end":{"line":9,"column":32}},"6":{"start":{"line":10,"column":26},"end":{"line":10,"column":67}},"7":{"start":{"line":13,"column":4},"end":{"line":13,"column":80}},"8":{"start":{"line":15,"column":4},"end":{"line":15,"column":82}},"9":{"start":{"line":22,"column":20},"end":{"line":22,"column":31}},"10":{"start":{"line":23,"column":23},"end":{"line":23,"column":55}},"11":{"start":{"line":24,"column":20},"end":{"line":24,"column":43}},"12":{"start":{"line":25,"column":27},"end":{"line":59,"column":10}},"13":{"start":{"line":26,"column":12},"end":{"line":26,"column":33}},"14":{"start":{"line":27,"column":12},"end":{"line":57,"column":14}},"15":{"start":{"line":28,"column":16},"end":{"line":28,"column":45}},"16":{"start":{"line":29,"column":16},"end":{"line":29,"column":47}},"17":{"start":{"line":32,"column":20},"end":{"line":32,"column":74}},"18":{"start":{"line":34,"column":34},"end":{"line":34,"column":38}},"19":{"start":{"line":35,"column":16},"end":{"line":35,"column":41}},"20":{"start":{"line":36,"column":16},"end":{"line":36,"column":42}},"21":{"start":{"line":38,"column":16},"end":{"line":53,"column":17}},"22":{"start":{"line":38,"column":29},"end":{"line":38,"column":30}},"23":{"start":{"line":39,"column":45},"end":{"line":41,"column":47}},"24":{"start":{"line":42,"column":20},"end":{"line":44,"column":35}},"25":{"start":{"line":46,"column":38},"end":{"line":46,"column":89}},"26":{"start":{"line":48,"column":20},"end":{"line":52,"column":21}},"27":{"start":{"line":48,"column":33},"end":{"line":48,"column":34}},"28":{"start":{"line":51,"column":24},"end":{"line":51,"column":74}},"29":{"start":{"line":54,"column":16},"end":{"line":54,"column":74}},"30":{"start":{"line":56,"column":16},"end":{"line":56,"column":26}},"31":{"start":{"line":58,"column":12},"end":{"line":58,"column":47}},"32":{"start":{"line":61,"column":30},"end":{"line":61,"column":54}},"33":{"start":{"line":63,"column":12},"end":{"line":63,"column":58}},"34":{"start":{"line":65,"column":8},"end":{"line":65,"column":80}},"35":{"start":{"line":68,"column":8},"end":{"line":69,"column":73}},"36":{"start":{"line":70,"column":8},"end":{"line":70,"column":84}},"37":{"start":{"line":71,"column":8},"end":{"line":72,"column":74}},"38":{"start":{"line":73,"column":8},"end":{"line":74,"column":71}},"39":{"start":{"line":86,"column":17},"end":{"line":88,"column":72}},"40":{"start":{"line":89,"column":21},"end":{"line":90,"column":83}},"41":{"start":{"line":91,"column":8},"end":{"line":94,"column":9}},"42":{"start":{"line":92,"column":12},"end":{"line":92,"column":76}},"43":{"start":{"line":93,"column":12},"end":{"line":93,"column":70}},"44":{"start":{"line":95,"column":8},"end":{"line":95,"column":28}},"45":{"start":{"line":110,"column":17},"end":{"line":112,"column":71}},"46":{"start":{"line":113,"column":21},"end":{"line":114,"column":81}},"47":{"start":{"line":116,"column":8},"end":{"line":119,"column":9}},"48":{"start":{"line":117,"column":12},"end":{"line":117,"column":76}},"49":{"start":{"line":118,"column":12},"end":{"line":118,"column":70}},"50":{"start":{"line":120,"column":8},"end":{"line":120,"column":28}}},"fnMap":{"0":{"name":"(anonymous_0)","decl":{"start":{"line":18,"column":4},"end":{"line":18,"column":5}},"loc":{"start":{"line":18,"column":18},"end":{"line":18,"column":20}},"line":18},"1":{"name":"(anonymous_1)","decl":{"start":{"line":20,"column":4},"end":{"line":20,"column":5}},"loc":{"start":{"line":20,"column":17},"end":{"line":75,"column":5}},"line":20},"2":{"name":"(anonymous_2)","decl":{"start":{"line":25,"column":39},"end":{"line":25,"column":40}},"loc":{"start":{"line":25,"column":60},"end":{"line":59,"column":9}},"line":25},"3":{"name":"(anonymous_3)","decl":{"start":{"line":27,"column":25},"end":{"line":27,"column":26}},"loc":{"start":{"line":27,"column":31},"end":{"line":57,"column":13}},"line":27},"4":{"name":"(anonymous_4)","decl":{"start":{"line":85,"column":4},"end":{"line":85,"column":5}},"loc":{"start":{"line":85,"column":30},"end":{"line":96,"column":5}},"line":85},"5":{"name":"(anonymous_5)","decl":{"start":{"line":109,"column":4},"end":{"line":109,"column":5}},"loc":{"start":{"line":109,"column":29},"end":{"line":121,"column":5}},"line":109}},"branchMap":{"0":{"loc":{"start":{"line":91,"column":8},"end":{"line":94,"column":9}},"type":"if","locations":[{"start":{"line":91,"column":8},"end":{"line":94,"column":9}},{"start":{"line":91,"column":8},"end":{"line":94,"column":9}}],"line":91},"1":{"loc":{"start":{"line":116,"column":8},"end":{"line":119,"column":9}},"type":"if","locations":[{"start":{"line":116,"column":8},"end":{"line":119,"column":9}},{"start":{"line":116,"column":8},"end":{"line":119,"column":9}}],"line":116}},"s":{"0":2,"1":2,"2":2,"3":2,"4":2,"5":2,"6":2,"7":2,"8":2,"9":0,"10":0,"11":0,"12":0,"13":0,"14":0,"15":0,"16":0,"17":0,"18":0,"19":0,"20":0,"21":0,"22":0,"23":0,"24":0,"25":0,"26":0,"27":0,"28":0,"29":0,"30":0,"31":0,"32":0,"33":0,"34":0,"35":0,"36":0,"37":0,"38":0,"39":0,"40":0,"41":0,"42":0,"43":0,"44":0,"45":0,"46":0,"47":0,"48":0,"49":0,"50":0},"f":{"0":0,"1":0,"2":0,"3":0,"4":0,"5":0},"b":{"0":[0,0],"1":[0,0]},"_coverageSchema":"43e27e138ebf9cfc5966b082cf9a028302ed4184","hash":"d908a3fbaaaafbd54d2ebcf5139dbc1cc44c440e"}
}
