TN:
SF:/home/liam/fourth_year/2019-ca400-mcaweel2/src/frontend/src/js/Analyse.js
FN:18,(anonymous_0)
FN:44,(anonymous_1)
FN:52,(anonymous_2)
FN:56,(anonymous_3)
FN:65,(anonymous_4)
FN:69,(anonymous_5)
FN:76,(anonymous_6)
FN:84,(anonymous_7)
FN:88,(anonymous_8)
FN:100,(anonymous_9)
FN:153,(anonymous_10)
FN:157,(anonymous_11)
FN:166,(anonymous_12)
FN:170,(anonymous_13)
FN:178,(anonymous_14)
FN:185,(anonymous_15)
FN:189,(anonymous_16)
FN:193,(anonymous_17)
FN:205,(anonymous_18)
FN:232,(anonymous_19)
FN:238,(anonymous_20)
FN:244,(anonymous_21)
FN:249,(anonymous_22)
FN:254,(anonymous_23)
FNF:24
FNH:0
FNDA:0,(anonymous_0)
FNDA:0,(anonymous_1)
FNDA:0,(anonymous_2)
FNDA:0,(anonymous_3)
FNDA:0,(anonymous_4)
FNDA:0,(anonymous_5)
FNDA:0,(anonymous_6)
FNDA:0,(anonymous_7)
FNDA:0,(anonymous_8)
FNDA:0,(anonymous_9)
FNDA:0,(anonymous_10)
FNDA:0,(anonymous_11)
FNDA:0,(anonymous_12)
FNDA:0,(anonymous_13)
FNDA:0,(anonymous_14)
FNDA:0,(anonymous_15)
FNDA:0,(anonymous_16)
FNDA:0,(anonymous_17)
FNDA:0,(anonymous_18)
FNDA:0,(anonymous_19)
FNDA:0,(anonymous_20)
FNDA:0,(anonymous_21)
FNDA:0,(anonymous_22)
FNDA:0,(anonymous_23)
DA:14,2
DA:19,0
DA:20,0
DA:40,0
DA:41,0
DA:45,0
DA:46,0
DA:53,0
DA:57,0
DA:58,0
DA:67,0
DA:70,0
DA:77,0
DA:86,0
DA:89,0
DA:90,0
DA:91,0
DA:92,0
DA:93,0
DA:94,0
DA:95,0
DA:96,0
DA:97,0
DA:100,0
DA:101,0
DA:102,0
DA:103,0
DA:104,0
DA:105,0
DA:106,0
DA:107,0
DA:108,0
DA:109,0
DA:110,0
DA:111,0
DA:120,0
DA:130,0
DA:134,0
DA:138,0
DA:149,0
DA:154,0
DA:158,0
DA:168,0
DA:171,0
DA:172,0
DA:179,0
DA:180,0
DA:181,0
DA:182,0
DA:183,0
DA:184,0
DA:185,0
DA:186,0
DA:188,0
DA:189,0
DA:190,0
DA:192,0
DA:193,0
DA:194,0
DA:196,0
DA:201,0
DA:206,0
DA:232,0
DA:238,0
DA:244,0
DA:249,0
DA:254,0
LF:67
LH:1
BRDA:45,0,0,0
BRDA:45,0,1,0
BRDA:96,1,0,0
BRDA:96,1,1,0
BRDA:110,2,0,0
BRDA:110,2,1,0
BRDA:186,3,0,0
BRDA:186,3,1,0
BRDA:190,4,0,0
BRDA:190,4,1,0
BRDA:194,5,0,0
BRDA:194,5,1,0
BRDA:220,6,0,0
BRDA:220,6,1,0
BRDA:225,7,0,0
BRDA:225,7,1,0
BRF:16
BRH:0
end_of_record
TN:
SF:/home/liam/fourth_year/2019-ca400-mcaweel2/src/frontend/src/js/App.js
FN:13,(anonymous_0)
FN:22,(anonymous_1)
FN:27,(anonymous_2)
FN:32,(anonymous_3)
FN:39,(anonymous_4)
FNF:5
FNH:4
FNDA:3,(anonymous_0)
FNDA:3,(anonymous_1)
FNDA:1,(anonymous_2)
FNDA:0,(anonymous_3)
FNDA:4,(anonymous_4)
DA:10,1
DA:14,3
DA:15,3
DA:18,3
DA:19,3
DA:23,3
DA:24,3
DA:28,1
DA:33,0
DA:34,0
DA:35,0
DA:40,4
LF:12
LH:9
BRDA:23,0,0,3
BRDA:23,0,1,0
BRF:2
BRH:1
end_of_record
TN:
SF:/home/liam/fourth_year/2019-ca400-mcaweel2/src/frontend/src/js/BatchAccuracy.js
FN:7,(anonymous_0)
FN:11,(anonymous_1)
FN:37,(anonymous_2)
FNF:3
FNH:2
FNDA:1,(anonymous_0)
FNDA:1,(anonymous_1)
FNDA:0,(anonymous_2)
DA:8,1
DA:12,1
DA:13,1
DA:37,0
LF:4
LH:3
BRF:0
BRH:0
end_of_record
TN:
SF:/home/liam/fourth_year/2019-ca400-mcaweel2/src/frontend/src/js/BatchLoss.js
FN:7,(anonymous_0)
FN:13,(anonymous_1)
FNF:2
FNH:2
FNDA:1,(anonymous_0)
FNDA:1,(anonymous_1)
DA:8,1
DA:14,1
DA:15,1
LF:3
LH:3
BRF:0
BRH:0
end_of_record
TN:
SF:/home/liam/fourth_year/2019-ca400-mcaweel2/src/frontend/src/js/Canvas.js
FN:13,(anonymous_0)
FN:19,(anonymous_1)
FN:22,(anonymous_2)
FN:38,(anonymous_3)
FN:44,(anonymous_4)
FN:50,(anonymous_5)
FN:77,(anonymous_6)
FN:78,(anonymous_7)
FN:143,(anonymous_8)
FN:167,(anonymous_9)
FN:200,(anonymous_10)
FN:220,(anonymous_11)
FN:226,(anonymous_12)
FN:227,(anonymous_13)
FN:228,(anonymous_14)
FN:240,(anonymous_15)
FN:241,(anonymous_16)
FNF:17
FNH:0
FNDA:0,(anonymous_0)
FNDA:0,(anonymous_1)
FNDA:0,(anonymous_2)
FNDA:0,(anonymous_3)
FNDA:0,(anonymous_4)
FNDA:0,(anonymous_5)
FNDA:0,(anonymous_6)
FNDA:0,(anonymous_7)
FNDA:0,(anonymous_8)
FNDA:0,(anonymous_9)
FNDA:0,(anonymous_10)
FNDA:0,(anonymous_11)
FNDA:0,(anonymous_12)
FNDA:0,(anonymous_13)
FNDA:0,(anonymous_14)
FNDA:0,(anonymous_15)
FNDA:0,(anonymous_16)
DA:3,2
DA:14,0
DA:15,0
DA:20,0
DA:23,0
DA:24,0
DA:25,0
DA:26,0
DA:27,0
DA:28,0
DA:30,0
DA:31,0
DA:32,0
DA:33,0
DA:39,0
DA:45,0
DA:51,0
DA:52,0
DA:53,0
DA:54,0
DA:55,0
DA:56,0
DA:57,0
DA:58,0
DA:59,0
DA:60,0
DA:61,0
DA:62,0
DA:63,0
DA:64,0
DA:65,0
DA:66,0
DA:67,0
DA:68,0
DA:69,0
DA:70,0
DA:72,0
DA:73,0
DA:75,0
DA:76,0
DA:77,0
DA:78,0
DA:80,0
DA:81,0
DA:82,0
DA:83,0
DA:84,0
DA:85,0
DA:86,0
DA:92,0
DA:94,0
DA:95,0
DA:96,0
DA:99,0
DA:101,0
DA:102,0
DA:103,0
DA:104,0
DA:106,0
DA:108,0
DA:109,0
DA:110,0
DA:111,0
DA:112,0
DA:113,0
DA:115,0
DA:119,0
DA:123,0
DA:127,0
DA:128,0
DA:129,0
DA:130,0
DA:131,0
DA:132,0
DA:133,0
DA:134,0
DA:135,0
DA:136,0
DA:137,0
DA:138,0
DA:140,0
DA:144,0
DA:145,0
DA:146,0
DA:147,0
DA:148,0
DA:149,0
DA:150,0
DA:151,0
DA:152,0
DA:153,0
DA:154,0
DA:155,0
DA:156,0
DA:157,0
DA:161,0
DA:169,0
DA:170,0
DA:171,0
DA:172,0
DA:173,0
DA:174,0
DA:175,0
DA:176,0
DA:177,0
DA:178,0
DA:180,0
DA:181,0
DA:182,0
DA:183,0
DA:186,0
DA:187,0
DA:188,0
DA:189,0
DA:190,0
DA:201,0
DA:208,0
DA:209,0
DA:210,0
DA:211,0
DA:213,0
DA:214,0
DA:216,0
DA:217,0
DA:221,0
DA:226,0
DA:227,0
DA:228,0
DA:240,0
DA:241,0
LF:130
LH:1
BRDA:23,0,0,0
BRDA:23,0,1,0
BRDA:27,1,0,0
BRDA:27,1,1,0
BRDA:67,2,0,0
BRDA:67,2,1,0
BRDA:153,3,0,0
BRDA:153,3,1,0
BRDA:154,4,0,0
BRDA:154,4,1,0
BRDA:155,5,0,0
BRDA:155,5,1,0
BRDA:156,6,0,0
BRDA:156,6,1,0
BRDA:157,7,0,0
BRDA:157,7,1,0
BRF:16
BRH:0
end_of_record
TN:
SF:/home/liam/fourth_year/2019-ca400-mcaweel2/src/frontend/src/js/Chartconfig.js
FN:11,selectColor
FN:15,epochAccuracyData
FN:46,epochLossData
FN:77,batchAcc
FN:97,batchLoss
FN:118,stateColor
FNF:6
FNH:0
FNDA:0,selectColor
FNDA:0,epochAccuracyData
FNDA:0,epochLossData
FNDA:0,batchAcc
FNDA:0,batchLoss
FNDA:0,stateColor
DA:1,2
DA:12,0
DA:16,0
DA:17,0
DA:19,0
DA:47,0
DA:48,0
DA:49,0
DA:78,0
DA:80,0
DA:98,0
DA:100,0
DA:119,0
LF:13
LH:1
BRF:0
BRH:0
end_of_record
TN:
SF:/home/liam/fourth_year/2019-ca400-mcaweel2/src/frontend/src/js/Classify.js
FN:24,(anonymous_0)
FN:50,(anonymous_1)
FN:55,(anonymous_2)
FN:64,(anonymous_3)
FN:68,(anonymous_4)
FN:74,(anonymous_5)
FN:84,(anonymous_6)
FN:92,(anonymous_7)
FN:102,(anonymous_8)
FN:111,(anonymous_9)
FN:115,(anonymous_10)
FN:123,(anonymous_11)
FN:131,(anonymous_12)
FN:135,(anonymous_13)
FN:146,(anonymous_14)
FN:168,(anonymous_15)
FN:175,(anonymous_16)
FN:183,(anonymous_17)
FN:189,(anonymous_18)
FN:191,(anonymous_19)
FN:205,(anonymous_20)
FNF:21
FNH:0
FNDA:0,(anonymous_0)
FNDA:0,(anonymous_1)
FNDA:0,(anonymous_2)
FNDA:0,(anonymous_3)
FNDA:0,(anonymous_4)
FNDA:0,(anonymous_5)
FNDA:0,(anonymous_6)
FNDA:0,(anonymous_7)
FNDA:0,(anonymous_8)
FNDA:0,(anonymous_9)
FNDA:0,(anonymous_10)
FNDA:0,(anonymous_11)
FNDA:0,(anonymous_12)
FNDA:0,(anonymous_13)
FNDA:0,(anonymous_14)
FNDA:0,(anonymous_15)
FNDA:0,(anonymous_16)
FNDA:0,(anonymous_17)
FNDA:0,(anonymous_18)
FNDA:0,(anonymous_19)
FNDA:0,(anonymous_20)
DA:16,2
DA:25,0
DA:26,0
DA:42,0
DA:43,0
DA:44,0
DA:45,0
DA:46,0
DA:47,0
DA:51,0
DA:52,0
DA:56,0
DA:57,0
DA:66,0
DA:69,0
DA:75,0
DA:76,0
DA:80,0
DA:85,0
DA:86,0
DA:87,0
DA:88,0
DA:93,0
DA:99,0
DA:103,0
DA:113,0
DA:116,0
DA:117,0
DA:124,0
DA:133,0
DA:136,0
DA:137,0
DA:138,0
DA:146,0
DA:147,0
DA:159,0
DA:165,0
DA:169,0
DA:172,0
DA:176,0
DA:179,0
DA:184,0
DA:187,0
DA:190,0
DA:191,0
DA:192,0
DA:195,0
DA:196,0
DA:197,0
DA:198,0
DA:199,0
DA:206,0
DA:209,0
LF:53
LH:1
BRDA:137,0,0,0
BRDA:137,0,1,0
BRDA:216,1,0,0
BRDA:216,1,1,0
BRDA:239,2,0,0
BRDA:239,2,1,0
BRDA:241,3,0,0
BRDA:241,3,1,0
BRDA:250,4,0,0
BRDA:250,4,1,0
BRF:10
BRH:0
end_of_record
TN:
SF:/home/liam/fourth_year/2019-ca400-mcaweel2/src/frontend/src/js/Demo.js
FN:4,(anonymous_0)
FN:7,(anonymous_1)
FNF:2
FNH:0
FNDA:0,(anonymous_0)
FNDA:0,(anonymous_1)
DA:5,0
DA:8,0
LF:2
LH:0
BRF:0
BRH:0
end_of_record
TN:
SF:/home/liam/fourth_year/2019-ca400-mcaweel2/src/frontend/src/js/Design.js
FN:15,(anonymous_0)
FN:84,(anonymous_1)
FN:91,(anonymous_2)
FN:190,(anonymous_3)
FN:194,(anonymous_4)
FN:213,(anonymous_5)
FN:281,(anonymous_6)
FN:285,(anonymous_7)
FN:286,(anonymous_8)
FN:291,(anonymous_9)
FN:314,(anonymous_10)
FN:333,(anonymous_11)
FN:354,(anonymous_12)
FN:358,(anonymous_13)
FN:367,(anonymous_14)
FN:371,(anonymous_15)
FN:382,(anonymous_16)
FN:385,(anonymous_17)
FN:515,(anonymous_18)
FN:537,(anonymous_19)
FN:552,(anonymous_20)
FNF:21
FNH:0
FNDA:0,(anonymous_0)
FNDA:0,(anonymous_1)
FNDA:0,(anonymous_2)
FNDA:0,(anonymous_3)
FNDA:0,(anonymous_4)
FNDA:0,(anonymous_5)
FNDA:0,(anonymous_6)
FNDA:0,(anonymous_7)
FNDA:0,(anonymous_8)
FNDA:0,(anonymous_9)
FNDA:0,(anonymous_10)
FNDA:0,(anonymous_11)
FNDA:0,(anonymous_12)
FNDA:0,(anonymous_13)
FNDA:0,(anonymous_14)
FNDA:0,(anonymous_15)
FNDA:0,(anonymous_16)
FNDA:0,(anonymous_17)
FNDA:0,(anonymous_18)
FNDA:0,(anonymous_19)
FNDA:0,(anonymous_20)
DA:12,2
DA:16,0
DA:17,0
DA:72,0
DA:73,0
DA:74,0
DA:75,0
DA:76,0
DA:77,0
DA:78,0
DA:79,0
DA:80,0
DA:85,0
DA:86,0
DA:92,0
DA:93,0
DA:94,0
DA:95,0
DA:96,0
DA:97,0
DA:98,0
DA:99,0
DA:100,0
DA:101,0
DA:134,0
DA:148,0
DA:149,0
DA:151,0
DA:152,0
DA:165,0
DA:178,0
DA:195,0
DA:196,0
DA:198,0
DA:202,0
DA:210,0
DA:214,0
DA:217,0
DA:218,0
DA:220,0
DA:224,0
DA:227,0
DA:228,0
DA:229,0
DA:230,0
DA:231,0
DA:232,0
DA:233,0
DA:238,0
DA:245,0
DA:248,0
DA:249,0
DA:250,0
DA:251,0
DA:252,0
DA:256,0
DA:257,0
DA:258,0
DA:262,0
DA:277,0
DA:282,0
DA:286,0
DA:292,0
DA:293,0
DA:294,0
DA:295,0
DA:297,0
DA:303,0
DA:311,0
DA:315,0
DA:316,0
DA:318,0
DA:322,0
DA:330,0
DA:334,0
DA:335,0
DA:336,0
DA:338,0
DA:343,0
DA:351,0
DA:355,0
DA:359,0
DA:360,0
DA:369,0
DA:373,0
DA:377,0
DA:378,0
DA:383,0
DA:384,0
DA:385,0
DA:386,0
DA:387,0
DA:388,0
DA:389,0
DA:390,0
DA:391,0
DA:394,0
DA:395,0
DA:396,0
DA:404,0
DA:405,0
DA:408,0
DA:409,0
DA:410,0
DA:415,0
DA:416,0
DA:420,0
DA:421,0
DA:423,0
DA:425,0
DA:426,0
DA:427,0
DA:434,0
DA:436,0
DA:439,0
DA:440,0
DA:441,0
DA:445,0
DA:446,0
DA:448,0
DA:449,0
DA:450,0
DA:452,0
DA:453,0
DA:454,0
DA:455,0
DA:459,0
DA:460,0
DA:465,0
DA:466,0
DA:469,0
DA:471,0
DA:475,0
DA:476,0
DA:478,0
DA:479,0
DA:480,0
DA:481,0
DA:486,0
DA:492,0
DA:494,0
DA:502,0
DA:516,0
DA:517,0
DA:518,0
DA:520,0
DA:521,0
DA:522,0
DA:525,0
DA:537,0
DA:552,0
LF:151
LH:1
BRDA:97,0,0,0
BRDA:97,0,1,0
BRDA:218,1,0,0
BRDA:218,1,1,0
BRDA:220,2,0,0
BRDA:220,2,1,0
BRDA:221,3,0,0
BRDA:221,3,1,0
BRDA:229,4,0,0
BRDA:229,4,1,0
BRDA:391,5,0,0
BRDA:391,5,1,0
BRDA:394,6,0,0
BRDA:394,6,1,0
BRDA:395,7,0,0
BRDA:395,7,1,0
BRDA:415,8,0,0
BRDA:415,8,1,0
BRDA:423,9,0,0
BRDA:423,9,1,0
BRDA:439,10,0,0
BRDA:439,10,1,0
BRDA:448,11,0,0
BRDA:448,11,1,0
BRDA:452,12,0,0
BRDA:452,12,1,0
BRDA:459,13,0,0
BRDA:459,13,1,0
BRDA:469,14,0,0
BRDA:469,14,1,0
BRDA:478,15,0,0
BRDA:478,15,1,0
BRDA:517,16,0,0
BRDA:517,16,1,0
BRDA:521,17,0,0
BRDA:521,17,1,0
BRDA:558,18,0,0
BRDA:558,18,1,0
BRDA:576,19,0,0
BRDA:576,19,1,0
BRDA:596,20,0,0
BRDA:596,20,1,0
BRDA:602,21,0,0
BRDA:602,21,1,0
BRDA:616,22,0,0
BRDA:616,22,1,0
BRF:46
BRH:0
end_of_record
TN:
SF:/home/liam/fourth_year/2019-ca400-mcaweel2/src/frontend/src/js/DesignSummary.js
FN:6,(anonymous_0)
FN:10,(anonymous_1)
FN:20,(anonymous_2)
FNF:3
FNH:0
FNDA:0,(anonymous_0)
FNDA:0,(anonymous_1)
FNDA:0,(anonymous_2)
DA:7,0
DA:11,0
DA:12,0
DA:21,0
DA:22,0
DA:23,0
DA:33,0
DA:45,0
DA:46,0
DA:51,0
DA:52,0
DA:57,0
DA:58,0
DA:63,0
DA:64,0
DA:69,0
DA:70,0
LF:17
LH:0
BRDA:21,0,0,0
BRDA:21,0,1,0
BRDA:22,1,0,0
BRDA:22,1,1,0
BRDA:45,2,0,0
BRDA:45,2,1,0
BRDA:51,3,0,0
BRDA:51,3,1,0
BRDA:57,4,0,0
BRDA:57,4,1,0
BRDA:63,5,0,0
BRDA:63,5,1,0
BRDA:69,6,0,0
BRDA:69,6,1,0
BRF:14
BRH:0
end_of_record
TN:
SF:/home/liam/fourth_year/2019-ca400-mcaweel2/src/frontend/src/js/Display.js
FN:14,(anonymous_0)
FN:22,(anonymous_1)
FN:27,(anonymous_2)
FN:31,(anonymous_3)
FN:90,(anonymous_4)
FN:92,(anonymous_5)
FNF:6
FNH:4
FNDA:3,(anonymous_0)
FNDA:1,(anonymous_1)
FNDA:1,(anonymous_2)
FNDA:4,(anonymous_3)
FNDA:0,(anonymous_4)
FNDA:0,(anonymous_5)
DA:15,3
DA:16,3
DA:19,3
DA:23,1
DA:28,1
DA:32,4
DA:33,0
DA:34,0
DA:38,0
DA:39,0
DA:43,0
DA:44,0
DA:45,0
DA:51,0
DA:52,0
DA:56,0
DA:57,0
DA:61,0
DA:62,0
DA:66,0
DA:67,0
DA:75,0
DA:85,4
DA:86,4
DA:90,0
DA:92,0
LF:26
LH:8
BRDA:32,0,0,0
BRDA:32,0,1,4
BRDA:33,1,0,0
BRDA:33,1,1,0
BRDA:38,2,0,0
BRDA:38,2,1,0
BRDA:43,3,0,0
BRDA:43,3,1,0
BRDA:44,4,0,0
BRDA:44,4,1,0
BRDA:51,5,0,0
BRDA:51,5,1,0
BRDA:56,6,0,0
BRDA:56,6,1,0
BRDA:61,7,0,0
BRDA:61,7,1,0
BRDA:66,8,0,0
BRDA:66,8,1,0
BRF:18
BRH:1
end_of_record
TN:
SF:/home/liam/fourth_year/2019-ca400-mcaweel2/src/frontend/src/js/DragContextSidebar.js
FN:8,(anonymous_0)
FN:19,(anonymous_1)
FN:25,(anonymous_2)
FN:40,(anonymous_3)
FN:41,(anonymous_4)
FN:47,(anonymous_5)
FN:48,(anonymous_6)
FN:65,(anonymous_7)
FN:72,(anonymous_8)
FN:100,(anonymous_9)
FN:101,(anonymous_10)
FNF:11
FNH:0
FNDA:0,(anonymous_0)
FNDA:0,(anonymous_1)
FNDA:0,(anonymous_2)
FNDA:0,(anonymous_3)
FNDA:0,(anonymous_4)
FNDA:0,(anonymous_5)
FNDA:0,(anonymous_6)
FNDA:0,(anonymous_7)
FNDA:0,(anonymous_8)
FNDA:0,(anonymous_9)
FNDA:0,(anonymous_10)
DA:9,0
DA:10,0
DA:14,0
DA:15,0
DA:16,0
DA:20,0
DA:21,0
DA:22,0
DA:26,0
DA:27,0
DA:28,0
DA:29,0
DA:30,0
DA:31,0
DA:34,0
DA:35,0
DA:41,0
DA:48,0
DA:49,0
DA:50,0
DA:52,0
DA:53,0
DA:66,0
DA:73,0
DA:100,0
DA:101,0
LF:26
LH:0
BRDA:29,0,0,0
BRDA:29,0,1,0
BRDA:30,1,0,0
BRDA:30,1,1,0
BRDA:34,2,0,0
BRDA:34,2,1,0
BRDA:49,3,0,0
BRDA:49,3,1,0
BRDA:55,4,0,0
BRDA:55,4,1,0
BRDA:60,5,0,0
BRDA:60,5,1,0
BRDA:88,6,0,0
BRDA:88,6,1,0
BRF:14
BRH:0
end_of_record
TN:
SF:/home/liam/fourth_year/2019-ca400-mcaweel2/src/frontend/src/js/EpochAccuracy.js
FN:7,(anonymous_0)
FN:13,(anonymous_1)
FN:42,(anonymous_2)
FNF:3
FNH:2
FNDA:1,(anonymous_0)
FNDA:1,(anonymous_1)
FNDA:0,(anonymous_2)
DA:8,1
DA:14,1
DA:16,1
DA:43,0
LF:4
LH:3
BRF:0
BRH:0
end_of_record
TN:
SF:/home/liam/fourth_year/2019-ca400-mcaweel2/src/frontend/src/js/EpochLoss.js
FN:7,(anonymous_0)
FN:13,(anonymous_1)
FNF:2
FNH:2
FNDA:1,(anonymous_0)
FNDA:1,(anonymous_1)
DA:8,1
DA:14,1
DA:15,1
LF:3
LH:3
BRF:0
BRH:0
end_of_record
TN:
SF:/home/liam/fourth_year/2019-ca400-mcaweel2/src/frontend/src/js/ForgottenPassword.js
FN:6,(anonymous_0)
FN:14,(anonymous_1)
FN:22,(anonymous_2)
FNF:3
FNH:0
FNDA:0,(anonymous_0)
FNDA:0,(anonymous_1)
FNDA:0,(anonymous_2)
DA:7,0
DA:8,0
DA:10,0
DA:15,0
DA:16,0
DA:20,0
DA:23,0
LF:7
LH:0
BRF:0
BRH:0
end_of_record
TN:
SF:/home/liam/fourth_year/2019-ca400-mcaweel2/src/frontend/src/js/Header.js
FN:20,(anonymous_0)
FN:29,(anonymous_1)
FN:35,(anonymous_2)
FN:39,(anonymous_3)
FN:44,(anonymous_4)
FN:49,(anonymous_5)
FN:54,(anonymous_6)
FN:59,(anonymous_7)
FN:64,(anonymous_8)
FNF:9
FNH:4
FNDA:5,(anonymous_0)
FNDA:5,(anonymous_1)
FNDA:10,(anonymous_2)
FNDA:0,(anonymous_3)
FNDA:10,(anonymous_4)
FNDA:0,(anonymous_5)
FNDA:0,(anonymous_6)
FNDA:0,(anonymous_7)
FNDA:0,(anonymous_8)
DA:21,5
DA:23,5
DA:24,5
DA:30,5
DA:36,10
DA:39,0
DA:45,10
DA:46,0
DA:49,0
DA:54,0
DA:59,0
DA:64,0
DA:90,10
LF:13
LH:7
BRDA:45,0,0,0
BRDA:45,0,1,10
BRF:2
BRH:1
end_of_record
TN:
SF:/home/liam/fourth_year/2019-ca400-mcaweel2/src/frontend/src/js/Home.js
FN:11,(anonymous_0)
FN:18,(anonymous_1)
FN:22,(anonymous_2)
FN:31,(anonymous_3)
FN:35,(anonymous_4)
FN:39,(anonymous_5)
FNF:6
FNH:4
FNDA:1,(anonymous_0)
FNDA:1,(anonymous_1)
FNDA:1,(anonymous_2)
FNDA:0,(anonymous_3)
FNDA:0,(anonymous_4)
FNDA:1,(anonymous_5)
DA:8,3
DA:12,1
DA:13,1
DA:19,1
DA:23,1
DA:24,1
DA:33,0
DA:36,0
DA:40,1
DA:41,1
DA:42,1
LF:11
LH:9
BRF:0
BRH:0
end_of_record
TN:
SF:/home/liam/fourth_year/2019-ca400-mcaweel2/src/frontend/src/js/LabelInputText.js
FN:7,(anonymous_0)
FN:11,(anonymous_1)
FNF:2
FNH:2
FNDA:1,(anonymous_0)
FNDA:1,(anonymous_1)
DA:8,1
DA:20,1
DA:22,1
LF:3
LH:3
BRF:0
BRH:0
end_of_record
TN:
SF:/home/liam/fourth_year/2019-ca400-mcaweel2/src/frontend/src/js/LandingPage.js
FN:11,(anonymous_0)
FN:20,(anonymous_1)
FN:24,(anonymous_2)
FN:28,(anonymous_3)
FN:31,(anonymous_4)
FN:32,(anonymous_5)
FN:41,(anonymous_6)
FN:47,(anonymous_7)
FN:49,(anonymous_8)
FN:53,(anonymous_9)
FN:54,(anonymous_10)
FNF:11
FNH:0
FNDA:0,(anonymous_0)
FNDA:0,(anonymous_1)
FNDA:0,(anonymous_2)
FNDA:0,(anonymous_3)
FNDA:0,(anonymous_4)
FNDA:0,(anonymous_5)
FNDA:0,(anonymous_6)
FNDA:0,(anonymous_7)
FNDA:0,(anonymous_8)
FNDA:0,(anonymous_9)
FNDA:0,(anonymous_10)
DA:8,2
DA:12,0
DA:13,0
DA:17,0
DA:21,0
DA:25,0
DA:29,0
DA:30,0
DA:31,0
DA:32,0
DA:33,0
DA:41,0
DA:47,0
DA:49,0
DA:53,0
DA:54,0
LF:16
LH:1
BRDA:31,0,0,0
BRDA:31,0,1,0
BRDA:32,1,0,0
BRDA:32,1,1,0
BRDA:53,2,0,0
BRDA:53,2,1,0
BRDA:54,3,0,0
BRDA:54,3,1,0
BRF:8
BRH:0
end_of_record
TN:
SF:/home/liam/fourth_year/2019-ca400-mcaweel2/src/frontend/src/js/LandingPageDisplay.js
FN:7,(anonymous_0)
FN:14,(anonymous_1)
FN:18,(anonymous_2)
FNF:3
FNH:0
FNDA:0,(anonymous_0)
FNDA:0,(anonymous_1)
FNDA:0,(anonymous_2)
DA:8,0
DA:9,0
DA:11,0
DA:15,0
DA:19,0
LF:5
LH:0
BRDA:22,0,0,0
BRDA:22,0,1,0
BRDA:25,1,0,0
BRDA:25,1,1,0
BRDA:28,2,0,0
BRDA:28,2,1,0
BRDA:34,3,0,0
BRDA:34,3,1,0
BRF:8
BRH:0
end_of_record
TN:
SF:/home/liam/fourth_year/2019-ca400-mcaweel2/src/frontend/src/js/Layers.js
FN:14,(anonymous_0)
FN:22,(anonymous_1)
FN:27,(anonymous_2)
FN:33,(anonymous_3)
FN:62,(anonymous_4)
FN:68,(anonymous_5)
FN:70,(anonymous_6)
FN:80,(anonymous_7)
FN:95,(anonymous_8)
FNF:9
FNH:0
FNDA:0,(anonymous_0)
FNDA:0,(anonymous_1)
FNDA:0,(anonymous_2)
FNDA:0,(anonymous_3)
FNDA:0,(anonymous_4)
FNDA:0,(anonymous_5)
FNDA:0,(anonymous_6)
FNDA:0,(anonymous_7)
FNDA:0,(anonymous_8)
DA:15,0
DA:16,0
DA:18,0
DA:19,0
DA:23,0
DA:24,0
DA:28,0
DA:34,0
DA:35,0
DA:36,0
DA:63,0
DA:69,0
DA:70,0
DA:71,0
DA:72,0
DA:73,0
DA:75,0
DA:76,0
DA:77,0
DA:78,0
DA:81,0
DA:83,0
DA:96,0
DA:97,0
DA:98,0
LF:25
LH:0
BRDA:23,0,0,0
BRDA:23,0,1,0
BRDA:28,1,0,0
BRDA:28,1,1,0
BRF:4
BRH:0
end_of_record
TN:
SF:/home/liam/fourth_year/2019-ca400-mcaweel2/src/frontend/src/js/Login.js
FN:10,(anonymous_0)
FN:24,(anonymous_1)
FN:28,(anonymous_2)
FN:43,(anonymous_3)
FN:47,(anonymous_4)
FN:100,(anonymous_5)
FN:123,(anonymous_6)
FNF:7
FNH:0
FNDA:0,(anonymous_0)
FNDA:0,(anonymous_1)
FNDA:0,(anonymous_2)
FNDA:0,(anonymous_3)
FNDA:0,(anonymous_4)
FNDA:0,(anonymous_5)
FNDA:0,(anonymous_6)
DA:5,2
DA:11,0
DA:12,0
DA:21,0
DA:22,0
DA:25,0
DA:29,0
DA:33,0
DA:34,0
DA:45,0
DA:48,0
DA:49,0
DA:50,0
DA:51,0
DA:59,0
DA:65,0
DA:73,0
DA:74,0
DA:75,0
DA:76,0
DA:81,0
DA:82,0
DA:84,0
DA:85,0
DA:90,0
DA:102,0
DA:103,0
DA:123,0
LF:28
LH:1
BRDA:49,0,0,0
BRDA:49,0,1,0
BRDA:49,1,0,0
BRDA:49,1,1,0
BRDA:50,2,0,0
BRDA:50,2,1,0
BRDA:73,3,0,0
BRDA:73,3,1,0
BRDA:84,4,0,0
BRDA:84,4,1,0
BRF:10
BRH:0
end_of_record
TN:
SF:/home/liam/fourth_year/2019-ca400-mcaweel2/src/frontend/src/js/NewUser.js
FN:8,(anonymous_0)
FN:15,(anonymous_1)
FN:32,(anonymous_2)
FN:36,(anonymous_3)
FN:45,(anonymous_4)
FNF:5
FNH:2
FNDA:1,(anonymous_0)
FNDA:0,(anonymous_1)
FNDA:0,(anonymous_2)
FNDA:0,(anonymous_3)
FNDA:1,(anonymous_4)
DA:5,3
DA:9,1
DA:11,1
DA:17,0
DA:22,0
DA:23,0
DA:34,0
DA:37,0
DA:38,0
DA:39,0
DA:40,0
DA:47,1
LF:12
LH:4
BRF:0
BRH:0
end_of_record
TN:
SF:/home/liam/fourth_year/2019-ca400-mcaweel2/src/frontend/src/js/Range.js
FN:4,(anonymous_0)
FN:9,(anonymous_1)
FN:15,(anonymous_2)
FNF:3
FNH:0
FNDA:0,(anonymous_0)
FNDA:0,(anonymous_1)
FNDA:0,(anonymous_2)
DA:5,0
DA:6,0
DA:10,0
DA:11,0
DA:16,0
DA:17,0
LF:6
LH:0
BRF:0
BRH:0
end_of_record
TN:
SF:/home/liam/fourth_year/2019-ca400-mcaweel2/src/frontend/src/js/RealtimeAnalysis.js
FN:14,(anonymous_0)
FN:22,(anonymous_1)
FN:31,(anonymous_2)
FN:40,(anonymous_3)
FN:46,(anonymous_4)
FN:50,(anonymous_5)
FN:83,(anonymous_6)
FNF:7
FNH:0
FNDA:0,(anonymous_0)
FNDA:0,(anonymous_1)
FNDA:0,(anonymous_2)
FNDA:0,(anonymous_3)
FNDA:0,(anonymous_4)
FNDA:0,(anonymous_5)
FNDA:0,(anonymous_6)
DA:15,0
DA:16,0
DA:19,0
DA:23,0
DA:24,0
DA:32,0
DA:33,0
DA:40,0
DA:47,0
DA:48,0
DA:50,0
DA:84,0
DA:85,0
LF:13
LH:0
BRDA:23,0,0,0
BRDA:23,0,1,0
BRDA:38,1,0,0
BRDA:38,1,1,0
BRDA:62,2,0,0
BRDA:62,2,1,0
BRDA:112,3,0,0
BRDA:112,3,1,0
BRF:8
BRH:0
end_of_record
TN:
SF:/home/liam/fourth_year/2019-ca400-mcaweel2/src/frontend/src/js/Sidebar.js
FN:15,(anonymous_0)
FN:26,(anonymous_1)
FN:27,(anonymous_2)
FN:32,(anonymous_3)
FN:42,(anonymous_4)
FN:56,(anonymous_5)
FNF:6
FNH:3
FNDA:4,(anonymous_0)
FNDA:0,(anonymous_1)
FNDA:0,(anonymous_2)
FNDA:0,(anonymous_3)
FNDA:5,(anonymous_4)
FNDA:3,(anonymous_5)
DA:16,4
DA:17,4
DA:22,4
DA:23,4
DA:27,0
DA:33,0
DA:34,0
DA:35,0
DA:36,0
DA:43,5
DA:44,5
DA:57,3
LF:12
LH:7
BRDA:50,0,0,5
BRDA:50,0,1,0
BRF:2
BRH:1
end_of_record
TN:
SF:/home/liam/fourth_year/2019-ca400-mcaweel2/src/frontend/src/js/Sidebar_option.js
FN:5,(anonymous_0)
FN:9,(anonymous_1)
FN:14,(anonymous_2)
FN:17,(anonymous_3)
FNF:4
FNH:4
FNDA:2,(anonymous_0)
FNDA:2,(anonymous_1)
FNDA:2,(anonymous_2)
FNDA:2,(anonymous_3)
DA:6,2
DA:10,2
DA:11,2
DA:15,2
DA:18,2
DA:19,2
LF:6
LH:6
BRDA:10,0,0,0
BRDA:10,0,1,2
BRF:2
BRH:1
end_of_record
TN:
SF:/home/liam/fourth_year/2019-ca400-mcaweel2/src/frontend/src/js/Signup.js
FN:7,(anonymous_0)
FN:15,(anonymous_1)
FN:31,(anonymous_2)
FN:35,(anonymous_3)
FN:42,(anonymous_4)
FNF:5
FNH:2
FNDA:1,(anonymous_0)
FNDA:0,(anonymous_1)
FNDA:0,(anonymous_2)
FNDA:0,(anonymous_3)
FNDA:1,(anonymous_4)
DA:8,1
DA:9,1
DA:12,1
DA:17,0
DA:21,0
DA:22,0
DA:33,0
DA:36,0
DA:37,0
DA:44,1
DA:45,1
LF:11
LH:5
BRF:0
BRH:0
end_of_record
TN:
SF:/home/liam/fourth_year/2019-ca400-mcaweel2/src/frontend/src/js/Summary.js
FN:7,(anonymous_0)
FN:14,(anonymous_1)
FNF:2
FNH:2
FNDA:3,(anonymous_0)
FNDA:3,(anonymous_1)
DA:8,3
DA:15,3
DA:16,3
LF:3
LH:3
BRF:0
BRH:0
end_of_record
TN:
SF:/home/liam/fourth_year/2019-ca400-mcaweel2/src/frontend/src/js/Terms.js
FN:7,(anonymous_0)
FNF:1
FNH:0
FNDA:0,(anonymous_0)
DA:8,0
LF:1
LH:0
BRF:0
BRH:0
end_of_record
TN:
SF:/home/liam/fourth_year/2019-ca400-mcaweel2/src/frontend/src/js/TestAccuracy.js
FN:8,(anonymous_0)
FN:12,(anonymous_1)
FN:54,(anonymous_2)
FNF:3
FNH:0
FNDA:0,(anonymous_0)
FNDA:0,(anonymous_1)
FNDA:0,(anonymous_2)
DA:9,0
DA:13,0
DA:14,0
DA:16,0
DA:31,0
DA:55,0
LF:6
LH:0
BRF:0
BRH:0
end_of_record
TN:
SF:/home/liam/fourth_year/2019-ca400-mcaweel2/src/frontend/src/js/Train.js
FN:24,(anonymous_0)
FN:47,(anonymous_1)
FN:51,(anonymous_2)
FN:52,(anonymous_3)
FN:56,(anonymous_4)
FN:65,(anonymous_5)
FN:69,(anonymous_6)
FN:76,(anonymous_7)
FN:85,(anonymous_8)
FN:89,(anonymous_9)
FN:98,(anonymous_10)
FN:106,(anonymous_11)
FN:140,(anonymous_12)
FN:189,(anonymous_13)
FN:214,(anonymous_14)
FN:240,(anonymous_15)
FN:253,(anonymous_16)
FN:330,(anonymous_17)
FN:377,(anonymous_18)
FN:402,(anonymous_19)
FN:428,(anonymous_20)
FN:441,(anonymous_21)
FN:473,(anonymous_22)
FN:485,(anonymous_23)
FN:518,(anonymous_24)
FN:520,(anonymous_25)
FN:527,(anonymous_26)
FN:535,(anonymous_27)
FN:542,(anonymous_28)
FN:552,(anonymous_29)
FN:585,(anonymous_30)
FNF:31
FNH:0
FNDA:0,(anonymous_0)
FNDA:0,(anonymous_1)
FNDA:0,(anonymous_2)
FNDA:0,(anonymous_3)
FNDA:0,(anonymous_4)
FNDA:0,(anonymous_5)
FNDA:0,(anonymous_6)
FNDA:0,(anonymous_7)
FNDA:0,(anonymous_8)
FNDA:0,(anonymous_9)
FNDA:0,(anonymous_10)
FNDA:0,(anonymous_11)
FNDA:0,(anonymous_12)
FNDA:0,(anonymous_13)
FNDA:0,(anonymous_14)
FNDA:0,(anonymous_15)
FNDA:0,(anonymous_16)
FNDA:0,(anonymous_17)
FNDA:0,(anonymous_18)
FNDA:0,(anonymous_19)
FNDA:0,(anonymous_20)
FNDA:0,(anonymous_21)
FNDA:0,(anonymous_22)
FNDA:0,(anonymous_23)
FNDA:0,(anonymous_24)
FNDA:0,(anonymous_25)
FNDA:0,(anonymous_26)
FNDA:0,(anonymous_27)
FNDA:0,(anonymous_28)
FNDA:0,(anonymous_29)
FNDA:0,(anonymous_30)
DA:21,2
DA:25,0
DA:26,0
DA:43,0
DA:44,0
DA:45,0
DA:48,0
DA:52,0
DA:57,0
DA:67,0
DA:70,0
DA:77,0
DA:87,0
DA:90,0
DA:91,0
DA:92,0
DA:99,0
DA:100,0
DA:101,0
DA:109,0
DA:110,0
DA:111,0
DA:114,0
DA:115,0
DA:116,0
DA:117,0
DA:118,0
DA:123,0
DA:124,0
DA:125,0
DA:126,0
DA:127,0
DA:128,0
DA:129,0
DA:130,0
DA:131,0
DA:132,0
DA:134,0
DA:142,0
DA:143,0
DA:144,0
DA:148,0
DA:149,0
DA:154,0
DA:155,0
DA:156,0
DA:160,0
DA:161,0
DA:167,0
DA:169,0
DA:173,0
DA:184,0
DA:185,0
DA:190,0
DA:191,0
DA:195,0
DA:199,0
DA:200,0
DA:204,0
DA:208,0
DA:215,0
DA:216,0
DA:217,0
DA:221,0
DA:225,0
DA:226,0
DA:227,0
DA:231,0
DA:235,0
DA:241,0
DA:242,0
DA:243,0
DA:244,0
DA:245,0
DA:250,0
DA:251,0
DA:254,0
DA:255,0
DA:270,0
DA:271,0
DA:272,0
DA:273,0
DA:274,0
DA:291,0
DA:292,0
DA:293,0
DA:294,0
DA:295,0
DA:296,0
DA:297,0
DA:298,0
DA:299,0
DA:300,0
DA:301,0
DA:302,0
DA:303,0
DA:304,0
DA:306,0
DA:307,0
DA:309,0
DA:310,0
DA:311,0
DA:312,0
DA:313,0
DA:314,0
DA:315,0
DA:318,0
DA:319,0
DA:321,0
DA:322,0
DA:324,0
DA:332,0
DA:333,0
DA:334,0
DA:338,0
DA:339,0
DA:344,0
DA:345,0
DA:346,0
DA:350,0
DA:351,0
DA:357,0
DA:359,0
DA:363,0
DA:378,0
DA:379,0
DA:383,0
DA:387,0
DA:388,0
DA:392,0
DA:396,0
DA:403,0
DA:404,0
DA:405,0
DA:409,0
DA:413,0
DA:414,0
DA:415,0
DA:419,0
DA:423,0
DA:429,0
DA:430,0
DA:431,0
DA:432,0
DA:433,0
DA:438,0
DA:439,0
DA:442,0
DA:443,0
DA:455,0
DA:456,0
DA:457,0
DA:458,0
DA:459,0
DA:473,0
DA:474,0
DA:477,0
DA:478,0
DA:479,0
DA:480,0
DA:481,0
DA:486,0
DA:491,0
DA:496,0
DA:509,0
DA:519,0
DA:521,0
DA:528,0
DA:529,0
DA:530,0
DA:533,0
DA:536,0
DA:543,0
DA:553,0
DA:585,0
LF:175
LH:1
BRDA:123,0,0,0
BRDA:123,0,1,0
BRDA:128,1,0,0
BRDA:128,1,1,0
BRDA:128,2,0,0
BRDA:128,2,1,0
BRDA:129,3,0,0
BRDA:129,3,1,0
BRDA:129,4,0,0
BRDA:129,4,1,0
BRDA:184,5,0,0
BRDA:184,5,1,0
BRDA:575,6,0,0
BRDA:575,6,1,0
BRDA:575,7,0,0
BRDA:575,7,1,0
BRDA:589,8,0,0
BRDA:589,8,1,0
BRF:18
BRH:0
end_of_record
TN:
SF:/home/liam/fourth_year/2019-ca400-mcaweel2/src/frontend/src/js/TrainedSummary.js
FN:6,(anonymous_0)
FN:10,(anonymous_1)
FN:14,(anonymous_2)
FN:18,(anonymous_3)
FN:21,(anonymous_4)
FNF:5
FNH:0
FNDA:0,(anonymous_0)
FNDA:0,(anonymous_1)
FNDA:0,(anonymous_2)
FNDA:0,(anonymous_3)
FNDA:0,(anonymous_4)
DA:7,0
DA:11,0
DA:15,0
DA:16,0
DA:19,0
DA:21,0
LF:6
LH:0
BRF:0
BRH:0
end_of_record
TN:
SF:/home/liam/fourth_year/2019-ca400-mcaweel2/src/frontend/src/js/TrainingTimes.js
FN:8,(anonymous_0)
FN:12,(anonymous_1)
FNF:2
FNH:0
FNDA:0,(anonymous_0)
FNDA:0,(anonymous_1)
DA:9,0
DA:13,0
DA:14,0
DA:16,0
DA:31,0
LF:5
LH:0
BRF:0
BRH:0
end_of_record
TN:
SF:/home/liam/fourth_year/2019-ca400-mcaweel2/src/frontend/src/js/Utils.js
FN:1,handleLogin
FNF:1
FNH:1
FNDA:1,handleLogin
DA:2,1
LF:1
LH:1
BRF:0
BRH:0
end_of_record
TN:
SF:/home/liam/fourth_year/2019-ca400-mcaweel2/src/frontend/src/js/Verify.js
FN:8,(anonymous_0)
FN:15,(anonymous_1)
FN:31,(anonymous_2)
FN:35,(anonymous_3)
FN:47,(anonymous_4)
FNF:5
FNH:2
FNDA:1,(anonymous_0)
FNDA:0,(anonymous_1)
FNDA:0,(anonymous_2)
FNDA:0,(anonymous_3)
FNDA:1,(anonymous_4)
DA:5,3
DA:9,1
DA:11,1
DA:17,0
DA:21,0
DA:22,0
DA:33,0
DA:36,0
DA:37,0
DA:38,0
DA:39,0
DA:40,0
DA:41,0
DA:49,1
LF:14
LH:4
BRDA:37,0,0,0
BRDA:37,0,1,0
BRF:2
BRH:0
end_of_record
TN:
SF:/home/liam/fourth_year/2019-ca400-mcaweel2/src/frontend/src/js/Welcome.js
FN:6,(anonymous_0)
FN:10,(anonymous_1)
FNF:2
FNH:2
FNDA:3,(anonymous_0)
FNDA:3,(anonymous_1)
DA:7,3
DA:11,3
LF:2
LH:2
BRF:0
BRH:0
end_of_record
TN:
SF:/home/liam/fourth_year/2019-ca400-mcaweel2/src/frontend/src/js/data.js
FN:18,(anonymous_0)
FN:20,(anonymous_1)
FN:25,(anonymous_2)
FN:27,(anonymous_3)
FN:85,(anonymous_4)
FN:109,(anonymous_5)
FNF:6
FNH:0
FNDA:0,(anonymous_0)
FNDA:0,(anonymous_1)
FNDA:0,(anonymous_2)
FNDA:0,(anonymous_3)
FNDA:0,(anonymous_4)
FNDA:0,(anonymous_5)
DA:3,2
DA:4,2
DA:5,2
DA:6,2
DA:7,2
DA:9,2
DA:10,2
DA:13,2
DA:15,2
DA:22,0
DA:23,0
DA:24,0
DA:25,0
DA:26,0
DA:27,0
DA:28,0
DA:29,0
DA:32,0
DA:34,0
DA:35,0
DA:36,0
DA:38,0
DA:39,0
DA:42,0
DA:46,0
DA:48,0
DA:51,0
DA:54,0
DA:56,0
DA:58,0
DA:61,0
DA:63,0
DA:65,0
DA:68,0
DA:70,0
DA:71,0
DA:73,0
DA:86,0
DA:89,0
DA:91,0
DA:92,0
DA:93,0
DA:95,0
DA:110,0
DA:113,0
DA:116,0
DA:117,0
DA:118,0
DA:120,0
LF:49
LH:9
BRDA:91,0,0,0
BRDA:91,0,1,0
BRDA:116,1,0,0
BRDA:116,1,1,0
BRF:4
BRH:0
end_of_record
